c:\users\windowsonubuntu\downloads\igraph-0.7.1-msvc(2)\igraph-0.7.1-msvc\debug\vc141.pdb
c:\users\windowsonubuntu\downloads\igraph-0.7.1-msvc(2)\igraph-0.7.1-msvc\debug\vc141.idb
c:\users\windowsonubuntu\downloads\igraph-0.7.1-msvc(2)\igraph-0.7.1-msvc\debug\infomap_flowgraph.obj
c:\users\windowsonubuntu\downloads\igraph-0.7.1-msvc(2)\igraph-0.7.1-msvc\debug\infomap_greedy.obj
c:\users\windowsonubuntu\downloads\igraph-0.7.1-msvc(2)\igraph-0.7.1-msvc\debug\infomap_node.obj
c:\users\windowsonubuntu\downloads\igraph-0.7.1-msvc(2)\igraph-0.7.1-msvc\debug\netdatatypes.obj
c:\users\windowsonubuntu\downloads\igraph-0.7.1-msvc(2)\igraph-0.7.1-msvc\debug\netroutines.obj
c:\users\windowsonubuntu\downloads\igraph-0.7.1-msvc(2)\igraph-0.7.1-msvc\debug\pottsmodel_2.obj
c:\users\windowsonubuntu\downloads\igraph-0.7.1-msvc(2)\igraph-0.7.1-msvc\debug\prpack_base_graph.obj
c:\users\windowsonubuntu\downloads\igraph-0.7.1-msvc(2)\igraph-0.7.1-msvc\debug\prpack_igraph_graph.obj
c:\users\windowsonubuntu\downloads\igraph-0.7.1-msvc(2)\igraph-0.7.1-msvc\debug\prpack_preprocessed_ge_graph.obj
c:\users\windowsonubuntu\downloads\igraph-0.7.1-msvc(2)\igraph-0.7.1-msvc\debug\prpack_preprocessed_gs_graph.obj
c:\users\windowsonubuntu\downloads\igraph-0.7.1-msvc(2)\igraph-0.7.1-msvc\debug\prpack_preprocessed_scc_graph.obj
c:\users\windowsonubuntu\downloads\igraph-0.7.1-msvc(2)\igraph-0.7.1-msvc\debug\prpack_preprocessed_schur_graph.obj
c:\users\windowsonubuntu\downloads\igraph-0.7.1-msvc(2)\igraph-0.7.1-msvc\debug\prpack_result.obj
c:\users\windowsonubuntu\downloads\igraph-0.7.1-msvc(2)\igraph-0.7.1-msvc\debug\prpack_solver.obj
c:\users\windowsonubuntu\downloads\igraph-0.7.1-msvc(2)\igraph-0.7.1-msvc\debug\prpack_utils.obj
c:\users\windowsonubuntu\downloads\igraph-0.7.1-msvc(2)\igraph-0.7.1-msvc\debug\walktrap.obj
c:\users\windowsonubuntu\downloads\igraph-0.7.1-msvc(2)\igraph-0.7.1-msvc\debug\walktrap_communities.obj
c:\users\windowsonubuntu\downloads\igraph-0.7.1-msvc(2)\igraph-0.7.1-msvc\debug\walktrap_graph.obj
c:\users\windowsonubuntu\downloads\igraph-0.7.1-msvc(2)\igraph-0.7.1-msvc\debug\walktrap_heap.obj
c:\users\windowsonubuntu\downloads\igraph-0.7.1-msvc(2)\igraph-0.7.1-msvc\debug\bliss_timer.obj
c:\users\windowsonubuntu\downloads\igraph-0.7.1-msvc(2)\igraph-0.7.1-msvc\debug\bliss_utils.obj
c:\users\windowsonubuntu\downloads\igraph-0.7.1-msvc(2)\igraph-0.7.1-msvc\debug\clustertool.obj
c:\users\windowsonubuntu\downloads\igraph-0.7.1-msvc(2)\igraph-0.7.1-msvc\debug\densitygrid.obj
c:\users\windowsonubuntu\downloads\igraph-0.7.1-msvc(2)\igraph-0.7.1-msvc\debug\densitygrid_3d.obj
c:\users\windowsonubuntu\downloads\igraph-0.7.1-msvc(2)\igraph-0.7.1-msvc\debug\drl_graph.obj
c:\users\windowsonubuntu\downloads\igraph-0.7.1-msvc(2)\igraph-0.7.1-msvc\debug\drl_graph_3d.obj
c:\users\windowsonubuntu\downloads\igraph-0.7.1-msvc(2)\igraph-0.7.1-msvc\debug\drl_layout.obj
c:\users\windowsonubuntu\downloads\igraph-0.7.1-msvc(2)\igraph-0.7.1-msvc\debug\drl_layout_3d.obj
c:\users\windowsonubuntu\downloads\igraph-0.7.1-msvc(2)\igraph-0.7.1-msvc\debug\drl_parse.obj
c:\users\windowsonubuntu\downloads\igraph-0.7.1-msvc(2)\igraph-0.7.1-msvc\debug\gengraph_box_list.obj
c:\users\windowsonubuntu\downloads\igraph-0.7.1-msvc(2)\igraph-0.7.1-msvc\debug\gengraph_degree_sequence.obj
c:\users\windowsonubuntu\downloads\igraph-0.7.1-msvc(2)\igraph-0.7.1-msvc\debug\gengraph_graph_molloy_hash.obj
c:\users\windowsonubuntu\downloads\igraph-0.7.1-msvc(2)\igraph-0.7.1-msvc\debug\gengraph_graph_molloy_optimized.obj
c:\users\windowsonubuntu\downloads\igraph-0.7.1-msvc(2)\igraph-0.7.1-msvc\debug\gengraph_mr-connected.obj
c:\users\windowsonubuntu\downloads\igraph-0.7.1-msvc(2)\igraph-0.7.1-msvc\debug\gengraph_powerlaw.obj
c:\users\windowsonubuntu\downloads\igraph-0.7.1-msvc(2)\igraph-0.7.1-msvc\debug\gengraph_random.obj
c:\users\windowsonubuntu\downloads\igraph-0.7.1-msvc(2)\igraph-0.7.1-msvc\debug\igraph_hrg.obj
c:\users\windowsonubuntu\downloads\igraph-0.7.1-msvc(2)\igraph-0.7.1-msvc\debug\igraph_hrg_types.obj
c:\users\windowsonubuntu\downloads\igraph-0.7.1-msvc(2)\igraph-0.7.1-msvc\debug\infomap.obj
c:\users\windowsonubuntu\downloads\igraph-0.7.1-msvc(2)\igraph-0.7.1-msvc\debug\source.obj
c:\users\windowsonubuntu\downloads\igraph-0.7.1-msvc(2)\igraph-0.7.1-msvc\debug\bliss.obj
c:\users\windowsonubuntu\downloads\igraph-0.7.1-msvc(2)\igraph-0.7.1-msvc\debug\bliss_eqrefhash.obj
c:\users\windowsonubuntu\downloads\igraph-0.7.1-msvc(2)\igraph-0.7.1-msvc\debug\bliss_graph.obj
c:\users\windowsonubuntu\downloads\igraph-0.7.1-msvc(2)\igraph-0.7.1-msvc\debug\bliss_heap.obj
c:\users\windowsonubuntu\downloads\igraph-0.7.1-msvc(2)\igraph-0.7.1-msvc\debug\bliss_orbit.obj
c:\users\windowsonubuntu\downloads\igraph-0.7.1-msvc(2)\igraph-0.7.1-msvc\debug\bliss_partition.obj
c:\users\windowsonubuntu\downloads\igraph-0.7.1-msvc(2)\igraph-0.7.1-msvc\debug\prpack.obj
c:\users\windowsonubuntu\downloads\igraph-0.7.1-msvc(2)\igraph-0.7.1-msvc\debug\separators.obj
c:\users\windowsonubuntu\downloads\igraph-0.7.1-msvc(2)\igraph-0.7.1-msvc\debug\sir.obj
c:\users\windowsonubuntu\downloads\igraph-0.7.1-msvc(2)\igraph-0.7.1-msvc\debug\spanning_trees.obj
c:\users\windowsonubuntu\downloads\igraph-0.7.1-msvc(2)\igraph-0.7.1-msvc\debug\sparsemat.obj
c:\users\windowsonubuntu\downloads\igraph-0.7.1-msvc(2)\igraph-0.7.1-msvc\debug\spectral_properties.obj
c:\users\windowsonubuntu\downloads\igraph-0.7.1-msvc(2)\igraph-0.7.1-msvc\debug\spmatrix.obj
c:\users\windowsonubuntu\downloads\igraph-0.7.1-msvc(2)\igraph-0.7.1-msvc\debug\st-cuts.obj
c:\users\windowsonubuntu\downloads\igraph-0.7.1-msvc(2)\igraph-0.7.1-msvc\debug\statusbar.obj
c:\users\windowsonubuntu\downloads\igraph-0.7.1-msvc(2)\igraph-0.7.1-msvc\debug\structural_properties.obj
c:\users\windowsonubuntu\downloads\igraph-0.7.1-msvc(2)\igraph-0.7.1-msvc\debug\structure_generators.obj
c:\users\windowsonubuntu\downloads\igraph-0.7.1-msvc(2)\igraph-0.7.1-msvc\debug\sugiyama.obj
c:\users\windowsonubuntu\downloads\igraph-0.7.1-msvc(2)\igraph-0.7.1-msvc\debug\topology.obj
c:\users\windowsonubuntu\downloads\igraph-0.7.1-msvc(2)\igraph-0.7.1-msvc\debug\triangles.obj
c:\users\windowsonubuntu\downloads\igraph-0.7.1-msvc(2)\igraph-0.7.1-msvc\debug\types.obj
c:\users\windowsonubuntu\downloads\igraph-0.7.1-msvc(2)\igraph-0.7.1-msvc\debug\type_indexededgelist.obj
c:\users\windowsonubuntu\downloads\igraph-0.7.1-msvc(2)\igraph-0.7.1-msvc\debug\vector.obj
c:\users\windowsonubuntu\downloads\igraph-0.7.1-msvc(2)\igraph-0.7.1-msvc\debug\vector_ptr.obj
c:\users\windowsonubuntu\downloads\igraph-0.7.1-msvc(2)\igraph-0.7.1-msvc\debug\version.obj
c:\users\windowsonubuntu\downloads\igraph-0.7.1-msvc(2)\igraph-0.7.1-msvc\debug\visitors.obj
c:\users\windowsonubuntu\downloads\igraph-0.7.1-msvc(2)\igraph-0.7.1-msvc\debug\zeroin.obj
c:\users\windowsonubuntu\downloads\igraph-0.7.1-msvc(2)\igraph-0.7.1-msvc\debug\gss.obj
c:\users\windowsonubuntu\downloads\igraph-0.7.1-msvc(2)\igraph-0.7.1-msvc\debug\kolmogorov.obj
c:\users\windowsonubuntu\downloads\igraph-0.7.1-msvc(2)\igraph-0.7.1-msvc\debug\lbfgs.obj
c:\users\windowsonubuntu\downloads\igraph-0.7.1-msvc(2)\igraph-0.7.1-msvc\debug\options.obj
c:\users\windowsonubuntu\downloads\igraph-0.7.1-msvc(2)\igraph-0.7.1-msvc\debug\plfit.obj
c:\users\windowsonubuntu\downloads\igraph-0.7.1-msvc(2)\igraph-0.7.1-msvc\debug\zeta.obj
c:\users\windowsonubuntu\downloads\igraph-0.7.1-msvc(2)\igraph-0.7.1-msvc\debug\progress.obj
c:\users\windowsonubuntu\downloads\igraph-0.7.1-msvc(2)\igraph-0.7.1-msvc\debug\qsort.obj
c:\users\windowsonubuntu\downloads\igraph-0.7.1-msvc(2)\igraph-0.7.1-msvc\debug\qsort_r.obj
c:\users\windowsonubuntu\downloads\igraph-0.7.1-msvc(2)\igraph-0.7.1-msvc\debug\random.obj
c:\users\windowsonubuntu\downloads\igraph-0.7.1-msvc(2)\igraph-0.7.1-msvc\debug\revolver_cit.obj
c:\users\windowsonubuntu\downloads\igraph-0.7.1-msvc(2)\igraph-0.7.1-msvc\debug\revolver_grow.obj
c:\users\windowsonubuntu\downloads\igraph-0.7.1-msvc(2)\igraph-0.7.1-msvc\debug\revolver_ml_cit.obj
c:\users\windowsonubuntu\downloads\igraph-0.7.1-msvc(2)\igraph-0.7.1-msvc\debug\sbm.obj
c:\users\windowsonubuntu\downloads\igraph-0.7.1-msvc(2)\igraph-0.7.1-msvc\debug\scg.obj
c:\users\windowsonubuntu\downloads\igraph-0.7.1-msvc(2)\igraph-0.7.1-msvc\debug\scg_approximate_methods.obj
c:\users\windowsonubuntu\downloads\igraph-0.7.1-msvc(2)\igraph-0.7.1-msvc\debug\scg_exact_scg.obj
c:\users\windowsonubuntu\downloads\igraph-0.7.1-msvc(2)\igraph-0.7.1-msvc\debug\scg_kmeans.obj
c:\users\windowsonubuntu\downloads\igraph-0.7.1-msvc(2)\igraph-0.7.1-msvc\debug\scg_optimal_method.obj
c:\users\windowsonubuntu\downloads\igraph-0.7.1-msvc(2)\igraph-0.7.1-msvc\debug\scg_utils.obj
c:\users\windowsonubuntu\downloads\igraph-0.7.1-msvc(2)\igraph-0.7.1-msvc\debug\ilaenv.obj
c:\users\windowsonubuntu\downloads\igraph-0.7.1-msvc(2)\igraph-0.7.1-msvc\debug\iparmq.obj
c:\users\windowsonubuntu\downloads\igraph-0.7.1-msvc(2)\igraph-0.7.1-msvc\debug\ivout.obj
c:\users\windowsonubuntu\downloads\igraph-0.7.1-msvc(2)\igraph-0.7.1-msvc\debug\len_trim.obj
c:\users\windowsonubuntu\downloads\igraph-0.7.1-msvc(2)\igraph-0.7.1-msvc\debug\lsame.obj
c:\users\windowsonubuntu\downloads\igraph-0.7.1-msvc(2)\igraph-0.7.1-msvc\debug\second.obj
c:\users\windowsonubuntu\downloads\igraph-0.7.1-msvc(2)\igraph-0.7.1-msvc\debug\xerbla.obj
c:\users\windowsonubuntu\downloads\igraph-0.7.1-msvc(2)\igraph-0.7.1-msvc\debug\layout.obj
c:\users\windowsonubuntu\downloads\igraph-0.7.1-msvc(2)\igraph-0.7.1-msvc\debug\matching.obj
c:\users\windowsonubuntu\downloads\igraph-0.7.1-msvc(2)\igraph-0.7.1-msvc\debug\math.obj
c:\users\windowsonubuntu\downloads\igraph-0.7.1-msvc(2)\igraph-0.7.1-msvc\debug\matrix.obj
c:\users\windowsonubuntu\downloads\igraph-0.7.1-msvc(2)\igraph-0.7.1-msvc\debug\maximal_cliques.obj
c:\users\windowsonubuntu\downloads\igraph-0.7.1-msvc(2)\igraph-0.7.1-msvc\debug\memory.obj
c:\users\windowsonubuntu\downloads\igraph-0.7.1-msvc(2)\igraph-0.7.1-msvc\debug\microscopic_update.obj
c:\users\windowsonubuntu\downloads\igraph-0.7.1-msvc(2)\igraph-0.7.1-msvc\debug\mixing.obj
c:\users\windowsonubuntu\downloads\igraph-0.7.1-msvc(2)\igraph-0.7.1-msvc\debug\motifs.obj
c:\users\windowsonubuntu\downloads\igraph-0.7.1-msvc(2)\igraph-0.7.1-msvc\debug\operators.obj
c:\users\windowsonubuntu\downloads\igraph-0.7.1-msvc(2)\igraph-0.7.1-msvc\debug\optimal_modularity.obj
c:\users\windowsonubuntu\downloads\igraph-0.7.1-msvc(2)\igraph-0.7.1-msvc\debug\other.obj
c:\users\windowsonubuntu\downloads\igraph-0.7.1-msvc(2)\igraph-0.7.1-msvc\debug\error.obj
c:\users\windowsonubuntu\downloads\igraph-0.7.1-msvc(2)\igraph-0.7.1-msvc\debug\dswap.obj
c:\users\windowsonubuntu\downloads\igraph-0.7.1-msvc(2)\igraph-0.7.1-msvc\debug\dsyevr.obj
c:\users\windowsonubuntu\downloads\igraph-0.7.1-msvc(2)\igraph-0.7.1-msvc\debug\dsymv.obj
c:\users\windowsonubuntu\downloads\igraph-0.7.1-msvc(2)\igraph-0.7.1-msvc\debug\dsyr2.obj
c:\users\windowsonubuntu\downloads\igraph-0.7.1-msvc(2)\igraph-0.7.1-msvc\debug\dsyr2k.obj
c:\users\windowsonubuntu\downloads\igraph-0.7.1-msvc(2)\igraph-0.7.1-msvc\debug\dsytd2.obj
c:\users\windowsonubuntu\downloads\igraph-0.7.1-msvc(2)\igraph-0.7.1-msvc\debug\dsytrd.obj
c:\users\windowsonubuntu\downloads\igraph-0.7.1-msvc(2)\igraph-0.7.1-msvc\debug\dtrevc.obj
c:\users\windowsonubuntu\downloads\igraph-0.7.1-msvc(2)\igraph-0.7.1-msvc\debug\dtrexc.obj
c:\users\windowsonubuntu\downloads\igraph-0.7.1-msvc(2)\igraph-0.7.1-msvc\debug\dtrmm.obj
c:\users\windowsonubuntu\downloads\igraph-0.7.1-msvc(2)\igraph-0.7.1-msvc\debug\dtrmv.obj
c:\users\windowsonubuntu\downloads\igraph-0.7.1-msvc(2)\igraph-0.7.1-msvc\debug\dtrsen.obj
c:\users\windowsonubuntu\downloads\igraph-0.7.1-msvc(2)\igraph-0.7.1-msvc\debug\dtrsm.obj
c:\users\windowsonubuntu\downloads\igraph-0.7.1-msvc(2)\igraph-0.7.1-msvc\debug\dtrsna.obj
c:\users\windowsonubuntu\downloads\igraph-0.7.1-msvc(2)\igraph-0.7.1-msvc\debug\dtrsyl.obj
c:\users\windowsonubuntu\downloads\igraph-0.7.1-msvc(2)\igraph-0.7.1-msvc\debug\dvout.obj
c:\users\windowsonubuntu\downloads\igraph-0.7.1-msvc(2)\igraph-0.7.1-msvc\debug\idamax.obj
c:\users\windowsonubuntu\downloads\igraph-0.7.1-msvc(2)\igraph-0.7.1-msvc\debug\ieeeck.obj
c:\users\windowsonubuntu\downloads\igraph-0.7.1-msvc(2)\igraph-0.7.1-msvc\debug\iladlc.obj
c:\users\windowsonubuntu\downloads\igraph-0.7.1-msvc(2)\igraph-0.7.1-msvc\debug\iladlr.obj
c:\users\windowsonubuntu\downloads\igraph-0.7.1-msvc(2)\igraph-0.7.1-msvc\debug\dsaitr.obj
c:\users\windowsonubuntu\downloads\igraph-0.7.1-msvc(2)\igraph-0.7.1-msvc\debug\dsapps.obj
c:\users\windowsonubuntu\downloads\igraph-0.7.1-msvc(2)\igraph-0.7.1-msvc\debug\dsaup2.obj
c:\users\windowsonubuntu\downloads\igraph-0.7.1-msvc(2)\igraph-0.7.1-msvc\debug\dsaupd.obj
c:\users\windowsonubuntu\downloads\igraph-0.7.1-msvc(2)\igraph-0.7.1-msvc\debug\dscal.obj
c:\users\windowsonubuntu\downloads\igraph-0.7.1-msvc(2)\igraph-0.7.1-msvc\debug\dsconv.obj
c:\users\windowsonubuntu\downloads\igraph-0.7.1-msvc(2)\igraph-0.7.1-msvc\debug\dseigt.obj
c:\users\windowsonubuntu\downloads\igraph-0.7.1-msvc(2)\igraph-0.7.1-msvc\debug\dsesrt.obj
c:\users\windowsonubuntu\downloads\igraph-0.7.1-msvc(2)\igraph-0.7.1-msvc\debug\dseupd.obj
c:\users\windowsonubuntu\downloads\igraph-0.7.1-msvc(2)\igraph-0.7.1-msvc\debug\dsgets.obj
c:\users\windowsonubuntu\downloads\igraph-0.7.1-msvc(2)\igraph-0.7.1-msvc\debug\dsortc.obj
c:\users\windowsonubuntu\downloads\igraph-0.7.1-msvc(2)\igraph-0.7.1-msvc\debug\dsortr.obj
c:\users\windowsonubuntu\downloads\igraph-0.7.1-msvc(2)\igraph-0.7.1-msvc\debug\dstatn.obj
c:\users\windowsonubuntu\downloads\igraph-0.7.1-msvc(2)\igraph-0.7.1-msvc\debug\dstats.obj
c:\users\windowsonubuntu\downloads\igraph-0.7.1-msvc(2)\igraph-0.7.1-msvc\debug\dstebz.obj
c:\users\windowsonubuntu\downloads\igraph-0.7.1-msvc(2)\igraph-0.7.1-msvc\debug\dstein.obj
c:\users\windowsonubuntu\downloads\igraph-0.7.1-msvc(2)\igraph-0.7.1-msvc\debug\dstemr.obj
c:\users\windowsonubuntu\downloads\igraph-0.7.1-msvc(2)\igraph-0.7.1-msvc\debug\dsteqr.obj
c:\users\windowsonubuntu\downloads\igraph-0.7.1-msvc(2)\igraph-0.7.1-msvc\debug\dsterf.obj
c:\users\windowsonubuntu\downloads\igraph-0.7.1-msvc(2)\igraph-0.7.1-msvc\debug\dstqrb.obj
c:\users\windowsonubuntu\downloads\igraph-0.7.1-msvc(2)\igraph-0.7.1-msvc\debug\dmout.obj
c:\users\windowsonubuntu\downloads\igraph-0.7.1-msvc(2)\igraph-0.7.1-msvc\debug\dnaitr.obj
c:\users\windowsonubuntu\downloads\igraph-0.7.1-msvc(2)\igraph-0.7.1-msvc\debug\dnapps.obj
c:\users\windowsonubuntu\downloads\igraph-0.7.1-msvc(2)\igraph-0.7.1-msvc\debug\dnaup2.obj
c:\users\windowsonubuntu\downloads\igraph-0.7.1-msvc(2)\igraph-0.7.1-msvc\debug\dnaupd.obj
c:\users\windowsonubuntu\downloads\igraph-0.7.1-msvc(2)\igraph-0.7.1-msvc\debug\dnconv.obj
c:\users\windowsonubuntu\downloads\igraph-0.7.1-msvc(2)\igraph-0.7.1-msvc\debug\dneigh.obj
c:\users\windowsonubuntu\downloads\igraph-0.7.1-msvc(2)\igraph-0.7.1-msvc\debug\dneupd.obj
c:\users\windowsonubuntu\downloads\igraph-0.7.1-msvc(2)\igraph-0.7.1-msvc\debug\dngets.obj
c:\users\windowsonubuntu\downloads\igraph-0.7.1-msvc(2)\igraph-0.7.1-msvc\debug\dnrm2.obj
c:\users\windowsonubuntu\downloads\igraph-0.7.1-msvc(2)\igraph-0.7.1-msvc\debug\dorg2r.obj
c:\users\windowsonubuntu\downloads\igraph-0.7.1-msvc(2)\igraph-0.7.1-msvc\debug\dorghr.obj
c:\users\windowsonubuntu\downloads\igraph-0.7.1-msvc(2)\igraph-0.7.1-msvc\debug\dorgqr.obj
c:\users\windowsonubuntu\downloads\igraph-0.7.1-msvc(2)\igraph-0.7.1-msvc\debug\dorm2l.obj
c:\users\windowsonubuntu\downloads\igraph-0.7.1-msvc(2)\igraph-0.7.1-msvc\debug\dorm2r.obj
c:\users\windowsonubuntu\downloads\igraph-0.7.1-msvc(2)\igraph-0.7.1-msvc\debug\dormhr.obj
c:\users\windowsonubuntu\downloads\igraph-0.7.1-msvc(2)\igraph-0.7.1-msvc\debug\dormql.obj
c:\users\windowsonubuntu\downloads\igraph-0.7.1-msvc(2)\igraph-0.7.1-msvc\debug\dormqr.obj
c:\users\windowsonubuntu\downloads\igraph-0.7.1-msvc(2)\igraph-0.7.1-msvc\debug\dormtr.obj
c:\users\windowsonubuntu\downloads\igraph-0.7.1-msvc(2)\igraph-0.7.1-msvc\debug\drot.obj
c:\users\windowsonubuntu\downloads\igraph-0.7.1-msvc(2)\igraph-0.7.1-msvc\debug\dlarrf.obj
c:\users\windowsonubuntu\downloads\igraph-0.7.1-msvc(2)\igraph-0.7.1-msvc\debug\dlarrj.obj
c:\users\windowsonubuntu\downloads\igraph-0.7.1-msvc(2)\igraph-0.7.1-msvc\debug\dlarrk.obj
c:\users\windowsonubuntu\downloads\igraph-0.7.1-msvc(2)\igraph-0.7.1-msvc\debug\dlarrr.obj
c:\users\windowsonubuntu\downloads\igraph-0.7.1-msvc(2)\igraph-0.7.1-msvc\debug\dlarrv.obj
c:\users\windowsonubuntu\downloads\igraph-0.7.1-msvc(2)\igraph-0.7.1-msvc\debug\dlartg.obj
c:\users\windowsonubuntu\downloads\igraph-0.7.1-msvc(2)\igraph-0.7.1-msvc\debug\dlaruv.obj
c:\users\windowsonubuntu\downloads\igraph-0.7.1-msvc(2)\igraph-0.7.1-msvc\debug\dlascl.obj
c:\users\windowsonubuntu\downloads\igraph-0.7.1-msvc(2)\igraph-0.7.1-msvc\debug\dlaset.obj
c:\users\windowsonubuntu\downloads\igraph-0.7.1-msvc(2)\igraph-0.7.1-msvc\debug\dlasq2.obj
c:\users\windowsonubuntu\downloads\igraph-0.7.1-msvc(2)\igraph-0.7.1-msvc\debug\dlasq3.obj
c:\users\windowsonubuntu\downloads\igraph-0.7.1-msvc(2)\igraph-0.7.1-msvc\debug\dlasq4.obj
c:\users\windowsonubuntu\downloads\igraph-0.7.1-msvc(2)\igraph-0.7.1-msvc\debug\dlasq5.obj
c:\users\windowsonubuntu\downloads\igraph-0.7.1-msvc(2)\igraph-0.7.1-msvc\debug\dlasq6.obj
c:\users\windowsonubuntu\downloads\igraph-0.7.1-msvc(2)\igraph-0.7.1-msvc\debug\dlasr.obj
c:\users\windowsonubuntu\downloads\igraph-0.7.1-msvc(2)\igraph-0.7.1-msvc\debug\dlasrt.obj
c:\users\windowsonubuntu\downloads\igraph-0.7.1-msvc(2)\igraph-0.7.1-msvc\debug\dlassq.obj
c:\users\windowsonubuntu\downloads\igraph-0.7.1-msvc(2)\igraph-0.7.1-msvc\debug\dlaswp.obj
c:\users\windowsonubuntu\downloads\igraph-0.7.1-msvc(2)\igraph-0.7.1-msvc\debug\dlasy2.obj
c:\users\windowsonubuntu\downloads\igraph-0.7.1-msvc(2)\igraph-0.7.1-msvc\debug\dlatrd.obj
c:\users\windowsonubuntu\downloads\igraph-0.7.1-msvc(2)\igraph-0.7.1-msvc\debug\dlaqr0.obj
c:\users\windowsonubuntu\downloads\igraph-0.7.1-msvc(2)\igraph-0.7.1-msvc\debug\dlaqr1.obj
c:\users\windowsonubuntu\downloads\igraph-0.7.1-msvc(2)\igraph-0.7.1-msvc\debug\dlaqr2.obj
c:\users\windowsonubuntu\downloads\igraph-0.7.1-msvc(2)\igraph-0.7.1-msvc\debug\dlaqr3.obj
c:\users\windowsonubuntu\downloads\igraph-0.7.1-msvc(2)\igraph-0.7.1-msvc\debug\dlaqr4.obj
c:\users\windowsonubuntu\downloads\igraph-0.7.1-msvc(2)\igraph-0.7.1-msvc\debug\dlaqr5.obj
c:\users\windowsonubuntu\downloads\igraph-0.7.1-msvc(2)\igraph-0.7.1-msvc\debug\dlaqrb.obj
c:\users\windowsonubuntu\downloads\igraph-0.7.1-msvc(2)\igraph-0.7.1-msvc\debug\dlaqtr.obj
c:\users\windowsonubuntu\downloads\igraph-0.7.1-msvc(2)\igraph-0.7.1-msvc\debug\dlar1v.obj
c:\users\windowsonubuntu\downloads\igraph-0.7.1-msvc(2)\igraph-0.7.1-msvc\debug\dlarf.obj
c:\users\windowsonubuntu\downloads\igraph-0.7.1-msvc(2)\igraph-0.7.1-msvc\debug\dlarfb.obj
c:\users\windowsonubuntu\downloads\igraph-0.7.1-msvc(2)\igraph-0.7.1-msvc\debug\dlarfg.obj
c:\users\windowsonubuntu\downloads\igraph-0.7.1-msvc(2)\igraph-0.7.1-msvc\debug\dlarft.obj
c:\users\windowsonubuntu\downloads\igraph-0.7.1-msvc(2)\igraph-0.7.1-msvc\debug\dlarfx.obj
c:\users\windowsonubuntu\downloads\igraph-0.7.1-msvc(2)\igraph-0.7.1-msvc\debug\dlarnv.obj
c:\users\windowsonubuntu\downloads\igraph-0.7.1-msvc(2)\igraph-0.7.1-msvc\debug\dlarra.obj
c:\users\windowsonubuntu\downloads\igraph-0.7.1-msvc(2)\igraph-0.7.1-msvc\debug\dlarrb.obj
c:\users\windowsonubuntu\downloads\igraph-0.7.1-msvc(2)\igraph-0.7.1-msvc\debug\dlarrc.obj
c:\users\windowsonubuntu\downloads\igraph-0.7.1-msvc(2)\igraph-0.7.1-msvc\debug\dlarrd.obj
c:\users\windowsonubuntu\downloads\igraph-0.7.1-msvc(2)\igraph-0.7.1-msvc\debug\dlarre.obj
c:\users\windowsonubuntu\downloads\igraph-0.7.1-msvc(2)\igraph-0.7.1-msvc\debug\dlacpy.obj
c:\users\windowsonubuntu\downloads\igraph-0.7.1-msvc(2)\igraph-0.7.1-msvc\debug\dladiv.obj
c:\users\windowsonubuntu\downloads\igraph-0.7.1-msvc(2)\igraph-0.7.1-msvc\debug\dlae2.obj
c:\users\windowsonubuntu\downloads\igraph-0.7.1-msvc(2)\igraph-0.7.1-msvc\debug\dlaebz.obj
c:\users\windowsonubuntu\downloads\igraph-0.7.1-msvc(2)\igraph-0.7.1-msvc\debug\dlaev2.obj
c:\users\windowsonubuntu\downloads\igraph-0.7.1-msvc(2)\igraph-0.7.1-msvc\debug\dlaexc.obj
c:\users\windowsonubuntu\downloads\igraph-0.7.1-msvc(2)\igraph-0.7.1-msvc\debug\dlagtf.obj
c:\users\windowsonubuntu\downloads\igraph-0.7.1-msvc(2)\igraph-0.7.1-msvc\debug\dlagts.obj
c:\users\windowsonubuntu\downloads\igraph-0.7.1-msvc(2)\igraph-0.7.1-msvc\debug\dlahqr.obj
c:\users\windowsonubuntu\downloads\igraph-0.7.1-msvc(2)\igraph-0.7.1-msvc\debug\dlahr2.obj
c:\users\windowsonubuntu\downloads\igraph-0.7.1-msvc(2)\igraph-0.7.1-msvc\debug\dlaisnan.obj
c:\users\windowsonubuntu\downloads\igraph-0.7.1-msvc(2)\igraph-0.7.1-msvc\debug\dlaln2.obj
c:\users\windowsonubuntu\downloads\igraph-0.7.1-msvc(2)\igraph-0.7.1-msvc\debug\dlamch.obj
c:\users\windowsonubuntu\downloads\igraph-0.7.1-msvc(2)\igraph-0.7.1-msvc\debug\dlaneg.obj
c:\users\windowsonubuntu\downloads\igraph-0.7.1-msvc(2)\igraph-0.7.1-msvc\debug\dlange.obj
c:\users\windowsonubuntu\downloads\igraph-0.7.1-msvc(2)\igraph-0.7.1-msvc\debug\dlanhs.obj
c:\users\windowsonubuntu\downloads\igraph-0.7.1-msvc(2)\igraph-0.7.1-msvc\debug\dlanst.obj
c:\users\windowsonubuntu\downloads\igraph-0.7.1-msvc(2)\igraph-0.7.1-msvc\debug\dlansy.obj
c:\users\windowsonubuntu\downloads\igraph-0.7.1-msvc(2)\igraph-0.7.1-msvc\debug\dlanv2.obj
c:\users\windowsonubuntu\downloads\igraph-0.7.1-msvc(2)\igraph-0.7.1-msvc\debug\dlapy2.obj
c:\users\windowsonubuntu\downloads\igraph-0.7.1-msvc(2)\igraph-0.7.1-msvc\debug\ddot.obj
c:\users\windowsonubuntu\downloads\igraph-0.7.1-msvc(2)\igraph-0.7.1-msvc\debug\dgebak.obj
c:\users\windowsonubuntu\downloads\igraph-0.7.1-msvc(2)\igraph-0.7.1-msvc\debug\dgebal.obj
c:\users\windowsonubuntu\downloads\igraph-0.7.1-msvc(2)\igraph-0.7.1-msvc\debug\dgeev.obj
c:\users\windowsonubuntu\downloads\igraph-0.7.1-msvc(2)\igraph-0.7.1-msvc\debug\dgeevx.obj
c:\users\windowsonubuntu\downloads\igraph-0.7.1-msvc(2)\igraph-0.7.1-msvc\debug\dgehd2.obj
c:\users\windowsonubuntu\downloads\igraph-0.7.1-msvc(2)\igraph-0.7.1-msvc\debug\dgehrd.obj
c:\users\windowsonubuntu\downloads\igraph-0.7.1-msvc(2)\igraph-0.7.1-msvc\debug\dgemm.obj
c:\users\windowsonubuntu\downloads\igraph-0.7.1-msvc(2)\igraph-0.7.1-msvc\debug\dgemv.obj
c:\users\windowsonubuntu\downloads\igraph-0.7.1-msvc(2)\igraph-0.7.1-msvc\debug\dgeqr2.obj
c:\users\windowsonubuntu\downloads\igraph-0.7.1-msvc(2)\igraph-0.7.1-msvc\debug\dger.obj
c:\users\windowsonubuntu\downloads\igraph-0.7.1-msvc(2)\igraph-0.7.1-msvc\debug\dgesv.obj
c:\users\windowsonubuntu\downloads\igraph-0.7.1-msvc(2)\igraph-0.7.1-msvc\debug\dgetf2.obj
c:\users\windowsonubuntu\downloads\igraph-0.7.1-msvc(2)\igraph-0.7.1-msvc\debug\dgetrf.obj
c:\users\windowsonubuntu\downloads\igraph-0.7.1-msvc(2)\igraph-0.7.1-msvc\debug\dgetrs.obj
c:\users\windowsonubuntu\downloads\igraph-0.7.1-msvc(2)\igraph-0.7.1-msvc\debug\dgetv0.obj
c:\users\windowsonubuntu\downloads\igraph-0.7.1-msvc(2)\igraph-0.7.1-msvc\debug\dhseqr.obj
c:\users\windowsonubuntu\downloads\igraph-0.7.1-msvc(2)\igraph-0.7.1-msvc\debug\disnan.obj
c:\users\windowsonubuntu\downloads\igraph-0.7.1-msvc(2)\igraph-0.7.1-msvc\debug\dlabad.obj
c:\users\windowsonubuntu\downloads\igraph-0.7.1-msvc(2)\igraph-0.7.1-msvc\debug\dlacn2.obj
c:\users\windowsonubuntu\downloads\igraph-0.7.1-msvc(2)\igraph-0.7.1-msvc\debug\igraph_buckets.obj
c:\users\windowsonubuntu\downloads\igraph-0.7.1-msvc(2)\igraph-0.7.1-msvc\debug\igraph_error.obj
c:\users\windowsonubuntu\downloads\igraph-0.7.1-msvc(2)\igraph-0.7.1-msvc\debug\igraph_estack.obj
c:\users\windowsonubuntu\downloads\igraph-0.7.1-msvc(2)\igraph-0.7.1-msvc\debug\igraph_fixed_vectorlist.obj
c:\users\windowsonubuntu\downloads\igraph-0.7.1-msvc(2)\igraph-0.7.1-msvc\debug\igraph_grid.obj
c:\users\windowsonubuntu\downloads\igraph-0.7.1-msvc(2)\igraph-0.7.1-msvc\debug\igraph_hashtable.obj
c:\users\windowsonubuntu\downloads\igraph-0.7.1-msvc(2)\igraph-0.7.1-msvc\debug\igraph_heap.obj
c:\users\windowsonubuntu\downloads\igraph-0.7.1-msvc(2)\igraph-0.7.1-msvc\debug\igraph_marked_queue.obj
c:\users\windowsonubuntu\downloads\igraph-0.7.1-msvc(2)\igraph-0.7.1-msvc\debug\igraph_psumtree.obj
c:\users\windowsonubuntu\downloads\igraph-0.7.1-msvc(2)\igraph-0.7.1-msvc\debug\igraph_set.obj
c:\users\windowsonubuntu\downloads\igraph-0.7.1-msvc(2)\igraph-0.7.1-msvc\debug\igraph_stack.obj
c:\users\windowsonubuntu\downloads\igraph-0.7.1-msvc(2)\igraph-0.7.1-msvc\debug\igraph_strvector.obj
c:\users\windowsonubuntu\downloads\igraph-0.7.1-msvc(2)\igraph-0.7.1-msvc\debug\igraph_trie.obj
c:\users\windowsonubuntu\downloads\igraph-0.7.1-msvc(2)\igraph-0.7.1-msvc\debug\interrupt.obj
c:\users\windowsonubuntu\downloads\igraph-0.7.1-msvc(2)\igraph-0.7.1-msvc\debug\iterators.obj
c:\users\windowsonubuntu\downloads\igraph-0.7.1-msvc(2)\igraph-0.7.1-msvc\debug\lad.obj
c:\users\windowsonubuntu\downloads\igraph-0.7.1-msvc(2)\igraph-0.7.1-msvc\debug\lapack.obj
c:\users\windowsonubuntu\downloads\igraph-0.7.1-msvc(2)\igraph-0.7.1-msvc\debug\dasum.obj
c:\users\windowsonubuntu\downloads\igraph-0.7.1-msvc(2)\igraph-0.7.1-msvc\debug\daxpy.obj
c:\users\windowsonubuntu\downloads\igraph-0.7.1-msvc(2)\igraph-0.7.1-msvc\debug\dcopy.obj
c:\users\windowsonubuntu\downloads\igraph-0.7.1-msvc(2)\igraph-0.7.1-msvc\debug\foreign-dl-lexer.obj
c:\users\windowsonubuntu\downloads\igraph-0.7.1-msvc(2)\igraph-0.7.1-msvc\debug\foreign-dl-parser.obj
c:\users\windowsonubuntu\downloads\igraph-0.7.1-msvc(2)\igraph-0.7.1-msvc\debug\foreign-gml-lexer.obj
c:\users\windowsonubuntu\downloads\igraph-0.7.1-msvc(2)\igraph-0.7.1-msvc\debug\foreign-gml-parser.obj
c:\users\windowsonubuntu\downloads\igraph-0.7.1-msvc(2)\igraph-0.7.1-msvc\debug\foreign-graphml.obj
c:\users\windowsonubuntu\downloads\igraph-0.7.1-msvc(2)\igraph-0.7.1-msvc\debug\foreign-lgl-lexer.obj
c:\users\windowsonubuntu\downloads\igraph-0.7.1-msvc(2)\igraph-0.7.1-msvc\debug\foreign-lgl-parser.obj
c:\users\windowsonubuntu\downloads\igraph-0.7.1-msvc(2)\igraph-0.7.1-msvc\debug\foreign-ncol-lexer.obj
c:\users\windowsonubuntu\downloads\igraph-0.7.1-msvc(2)\igraph-0.7.1-msvc\debug\foreign-ncol-parser.obj
c:\users\windowsonubuntu\downloads\igraph-0.7.1-msvc(2)\igraph-0.7.1-msvc\debug\foreign-pajek-lexer.obj
c:\users\windowsonubuntu\downloads\igraph-0.7.1-msvc(2)\igraph-0.7.1-msvc\debug\foreign-pajek-parser.obj
c:\users\windowsonubuntu\downloads\igraph-0.7.1-msvc(2)\igraph-0.7.1-msvc\debug\foreign.obj
c:\users\windowsonubuntu\downloads\igraph-0.7.1-msvc(2)\igraph-0.7.1-msvc\debug\forestfire.obj
c:\users\windowsonubuntu\downloads\igraph-0.7.1-msvc(2)\igraph-0.7.1-msvc\debug\fortran_intrinsics.obj
c:\users\windowsonubuntu\downloads\igraph-0.7.1-msvc(2)\igraph-0.7.1-msvc\debug\games.obj
c:\users\windowsonubuntu\downloads\igraph-0.7.1-msvc(2)\igraph-0.7.1-msvc\debug\glet.obj
c:\users\windowsonubuntu\downloads\igraph-0.7.1-msvc(2)\igraph-0.7.1-msvc\debug\glpk_support.obj
c:\users\windowsonubuntu\downloads\igraph-0.7.1-msvc(2)\igraph-0.7.1-msvc\debug\gml_tree.obj
c:\users\windowsonubuntu\downloads\igraph-0.7.1-msvc(2)\igraph-0.7.1-msvc\debug\hacks.obj
c:\users\windowsonubuntu\downloads\igraph-0.7.1-msvc(2)\igraph-0.7.1-msvc\debug\heap.obj
c:\users\windowsonubuntu\downloads\igraph-0.7.1-msvc(2)\igraph-0.7.1-msvc\debug\typesize.obj
c:\users\windowsonubuntu\downloads\igraph-0.7.1-msvc(2)\igraph-0.7.1-msvc\debug\uio.obj
c:\users\windowsonubuntu\downloads\igraph-0.7.1-msvc(2)\igraph-0.7.1-msvc\debug\uninit.obj
c:\users\windowsonubuntu\downloads\igraph-0.7.1-msvc(2)\igraph-0.7.1-msvc\debug\util.obj
c:\users\windowsonubuntu\downloads\igraph-0.7.1-msvc(2)\igraph-0.7.1-msvc\debug\wref.obj
c:\users\windowsonubuntu\downloads\igraph-0.7.1-msvc(2)\igraph-0.7.1-msvc\debug\wrtfmt.obj
c:\users\windowsonubuntu\downloads\igraph-0.7.1-msvc(2)\igraph-0.7.1-msvc\debug\wsfe.obj
c:\users\windowsonubuntu\downloads\igraph-0.7.1-msvc(2)\igraph-0.7.1-msvc\debug\wsle.obj
c:\users\windowsonubuntu\downloads\igraph-0.7.1-msvc(2)\igraph-0.7.1-msvc\debug\wsne.obj
c:\users\windowsonubuntu\downloads\igraph-0.7.1-msvc(2)\igraph-0.7.1-msvc\debug\xwsne.obj
c:\users\windowsonubuntu\downloads\igraph-0.7.1-msvc(2)\igraph-0.7.1-msvc\debug\z_abs.obj
c:\users\windowsonubuntu\downloads\igraph-0.7.1-msvc(2)\igraph-0.7.1-msvc\debug\z_cos.obj
c:\users\windowsonubuntu\downloads\igraph-0.7.1-msvc(2)\igraph-0.7.1-msvc\debug\z_div.obj
c:\users\windowsonubuntu\downloads\igraph-0.7.1-msvc(2)\igraph-0.7.1-msvc\debug\z_exp.obj
c:\users\windowsonubuntu\downloads\igraph-0.7.1-msvc(2)\igraph-0.7.1-msvc\debug\z_log.obj
c:\users\windowsonubuntu\downloads\igraph-0.7.1-msvc(2)\igraph-0.7.1-msvc\debug\z_sin.obj
c:\users\windowsonubuntu\downloads\igraph-0.7.1-msvc(2)\igraph-0.7.1-msvc\debug\z_sqrt.obj
c:\users\windowsonubuntu\downloads\igraph-0.7.1-msvc(2)\igraph-0.7.1-msvc\debug\fast_community.obj
c:\users\windowsonubuntu\downloads\igraph-0.7.1-msvc(2)\igraph-0.7.1-msvc\debug\feedback_arc_set.obj
c:\users\windowsonubuntu\downloads\igraph-0.7.1-msvc(2)\igraph-0.7.1-msvc\debug\flow.obj
c:\users\windowsonubuntu\downloads\igraph-0.7.1-msvc(2)\igraph-0.7.1-msvc\debug\r_mod.obj
c:\users\windowsonubuntu\downloads\igraph-0.7.1-msvc(2)\igraph-0.7.1-msvc\debug\r_nint.obj
c:\users\windowsonubuntu\downloads\igraph-0.7.1-msvc(2)\igraph-0.7.1-msvc\debug\r_sign.obj
c:\users\windowsonubuntu\downloads\igraph-0.7.1-msvc(2)\igraph-0.7.1-msvc\debug\r_sin.obj
c:\users\windowsonubuntu\downloads\igraph-0.7.1-msvc(2)\igraph-0.7.1-msvc\debug\r_sinh.obj
c:\users\windowsonubuntu\downloads\igraph-0.7.1-msvc(2)\igraph-0.7.1-msvc\debug\r_sqrt.obj
c:\users\windowsonubuntu\downloads\igraph-0.7.1-msvc(2)\igraph-0.7.1-msvc\debug\r_tan.obj
c:\users\windowsonubuntu\downloads\igraph-0.7.1-msvc(2)\igraph-0.7.1-msvc\debug\r_tanh.obj
c:\users\windowsonubuntu\downloads\igraph-0.7.1-msvc(2)\igraph-0.7.1-msvc\debug\sfe.obj
c:\users\windowsonubuntu\downloads\igraph-0.7.1-msvc(2)\igraph-0.7.1-msvc\debug\signal_.obj
c:\users\windowsonubuntu\downloads\igraph-0.7.1-msvc(2)\igraph-0.7.1-msvc\debug\signbit.obj
c:\users\windowsonubuntu\downloads\igraph-0.7.1-msvc(2)\igraph-0.7.1-msvc\debug\sig_die.obj
c:\users\windowsonubuntu\downloads\igraph-0.7.1-msvc(2)\igraph-0.7.1-msvc\debug\sue.obj
c:\users\windowsonubuntu\downloads\igraph-0.7.1-msvc(2)\igraph-0.7.1-msvc\debug\system_.obj
c:\users\windowsonubuntu\downloads\igraph-0.7.1-msvc(2)\igraph-0.7.1-msvc\debug\s_cat.obj
c:\users\windowsonubuntu\downloads\igraph-0.7.1-msvc(2)\igraph-0.7.1-msvc\debug\s_cmp.obj
c:\users\windowsonubuntu\downloads\igraph-0.7.1-msvc(2)\igraph-0.7.1-msvc\debug\s_copy.obj
c:\users\windowsonubuntu\downloads\igraph-0.7.1-msvc(2)\igraph-0.7.1-msvc\debug\s_paus.obj
c:\users\windowsonubuntu\downloads\igraph-0.7.1-msvc(2)\igraph-0.7.1-msvc\debug\s_rnge.obj
c:\users\windowsonubuntu\downloads\igraph-0.7.1-msvc(2)\igraph-0.7.1-msvc\debug\s_stop.obj
c:\users\windowsonubuntu\downloads\igraph-0.7.1-msvc(2)\igraph-0.7.1-msvc\debug\pow_zz.obj
c:\users\windowsonubuntu\downloads\igraph-0.7.1-msvc(2)\igraph-0.7.1-msvc\debug\rdfmt.obj
c:\users\windowsonubuntu\downloads\igraph-0.7.1-msvc(2)\igraph-0.7.1-msvc\debug\rewind.obj
c:\users\windowsonubuntu\downloads\igraph-0.7.1-msvc(2)\igraph-0.7.1-msvc\debug\rsfe.obj
c:\users\windowsonubuntu\downloads\igraph-0.7.1-msvc(2)\igraph-0.7.1-msvc\debug\rsli.obj
c:\users\windowsonubuntu\downloads\igraph-0.7.1-msvc(2)\igraph-0.7.1-msvc\debug\rsne.obj
c:\users\windowsonubuntu\downloads\igraph-0.7.1-msvc(2)\igraph-0.7.1-msvc\debug\r_abs.obj
c:\users\windowsonubuntu\downloads\igraph-0.7.1-msvc(2)\igraph-0.7.1-msvc\debug\r_acos.obj
c:\users\windowsonubuntu\downloads\igraph-0.7.1-msvc(2)\igraph-0.7.1-msvc\debug\r_asin.obj
c:\users\windowsonubuntu\downloads\igraph-0.7.1-msvc(2)\igraph-0.7.1-msvc\debug\r_atan.obj
c:\users\windowsonubuntu\downloads\igraph-0.7.1-msvc(2)\igraph-0.7.1-msvc\debug\r_atn2.obj
c:\users\windowsonubuntu\downloads\igraph-0.7.1-msvc(2)\igraph-0.7.1-msvc\debug\r_cnjg.obj
c:\users\windowsonubuntu\downloads\igraph-0.7.1-msvc(2)\igraph-0.7.1-msvc\debug\r_cos.obj
c:\users\windowsonubuntu\downloads\igraph-0.7.1-msvc(2)\igraph-0.7.1-msvc\debug\r_cosh.obj
c:\users\windowsonubuntu\downloads\igraph-0.7.1-msvc(2)\igraph-0.7.1-msvc\debug\r_dim.obj
c:\users\windowsonubuntu\downloads\igraph-0.7.1-msvc(2)\igraph-0.7.1-msvc\debug\r_exp.obj
c:\users\windowsonubuntu\downloads\igraph-0.7.1-msvc(2)\igraph-0.7.1-msvc\debug\r_imag.obj
c:\users\windowsonubuntu\downloads\igraph-0.7.1-msvc(2)\igraph-0.7.1-msvc\debug\r_int.obj
c:\users\windowsonubuntu\downloads\igraph-0.7.1-msvc(2)\igraph-0.7.1-msvc\debug\r_lg10.obj
c:\users\windowsonubuntu\downloads\igraph-0.7.1-msvc(2)\igraph-0.7.1-msvc\debug\r_log.obj
c:\users\windowsonubuntu\downloads\igraph-0.7.1-msvc(2)\igraph-0.7.1-msvc\debug\i_len.obj
c:\users\windowsonubuntu\downloads\igraph-0.7.1-msvc(2)\igraph-0.7.1-msvc\debug\i_mod.obj
c:\users\windowsonubuntu\downloads\igraph-0.7.1-msvc(2)\igraph-0.7.1-msvc\debug\i_nint.obj
c:\users\windowsonubuntu\downloads\igraph-0.7.1-msvc(2)\igraph-0.7.1-msvc\debug\i_sign.obj
c:\users\windowsonubuntu\downloads\igraph-0.7.1-msvc(2)\igraph-0.7.1-msvc\debug\lbitbits.obj
c:\users\windowsonubuntu\downloads\igraph-0.7.1-msvc(2)\igraph-0.7.1-msvc\debug\lbitshft.obj
c:\users\windowsonubuntu\downloads\igraph-0.7.1-msvc(2)\igraph-0.7.1-msvc\debug\lread.obj
c:\users\windowsonubuntu\downloads\igraph-0.7.1-msvc(2)\igraph-0.7.1-msvc\debug\lwrite.obj
c:\users\windowsonubuntu\downloads\igraph-0.7.1-msvc(2)\igraph-0.7.1-msvc\debug\l_ge.obj
c:\users\windowsonubuntu\downloads\igraph-0.7.1-msvc(2)\igraph-0.7.1-msvc\debug\l_gt.obj
c:\users\windowsonubuntu\downloads\igraph-0.7.1-msvc(2)\igraph-0.7.1-msvc\debug\l_le.obj
c:\users\windowsonubuntu\downloads\igraph-0.7.1-msvc(2)\igraph-0.7.1-msvc\debug\l_lt.obj
c:\users\windowsonubuntu\downloads\igraph-0.7.1-msvc(2)\igraph-0.7.1-msvc\debug\open.obj
c:\users\windowsonubuntu\downloads\igraph-0.7.1-msvc(2)\igraph-0.7.1-msvc\debug\pow_ci.obj
c:\users\windowsonubuntu\downloads\igraph-0.7.1-msvc(2)\igraph-0.7.1-msvc\debug\pow_dd.obj
c:\users\windowsonubuntu\downloads\igraph-0.7.1-msvc(2)\igraph-0.7.1-msvc\debug\pow_di.obj
c:\users\windowsonubuntu\downloads\igraph-0.7.1-msvc(2)\igraph-0.7.1-msvc\debug\pow_hh.obj
c:\users\windowsonubuntu\downloads\igraph-0.7.1-msvc(2)\igraph-0.7.1-msvc\debug\pow_ii.obj
c:\users\windowsonubuntu\downloads\igraph-0.7.1-msvc(2)\igraph-0.7.1-msvc\debug\pow_ri.obj
c:\users\windowsonubuntu\downloads\igraph-0.7.1-msvc(2)\igraph-0.7.1-msvc\debug\pow_zi.obj
c:\users\windowsonubuntu\downloads\igraph-0.7.1-msvc(2)\igraph-0.7.1-msvc\debug\hl_ge.obj
c:\users\windowsonubuntu\downloads\igraph-0.7.1-msvc(2)\igraph-0.7.1-msvc\debug\hl_gt.obj
c:\users\windowsonubuntu\downloads\igraph-0.7.1-msvc(2)\igraph-0.7.1-msvc\debug\hl_le.obj
c:\users\windowsonubuntu\downloads\igraph-0.7.1-msvc(2)\igraph-0.7.1-msvc\debug\hl_lt.obj
c:\users\windowsonubuntu\downloads\igraph-0.7.1-msvc(2)\igraph-0.7.1-msvc\debug\h_abs.obj
c:\users\windowsonubuntu\downloads\igraph-0.7.1-msvc(2)\igraph-0.7.1-msvc\debug\h_dim.obj
c:\users\windowsonubuntu\downloads\igraph-0.7.1-msvc(2)\igraph-0.7.1-msvc\debug\h_dnnt.obj
c:\users\windowsonubuntu\downloads\igraph-0.7.1-msvc(2)\igraph-0.7.1-msvc\debug\h_indx.obj
c:\users\windowsonubuntu\downloads\igraph-0.7.1-msvc(2)\igraph-0.7.1-msvc\debug\h_len.obj
c:\users\windowsonubuntu\downloads\igraph-0.7.1-msvc(2)\igraph-0.7.1-msvc\debug\h_mod.obj
c:\users\windowsonubuntu\downloads\igraph-0.7.1-msvc(2)\igraph-0.7.1-msvc\debug\h_nint.obj
c:\users\windowsonubuntu\downloads\igraph-0.7.1-msvc(2)\igraph-0.7.1-msvc\debug\h_sign.obj
c:\users\windowsonubuntu\downloads\igraph-0.7.1-msvc(2)\igraph-0.7.1-msvc\debug\i77vers.obj
c:\users\windowsonubuntu\downloads\igraph-0.7.1-msvc(2)\igraph-0.7.1-msvc\debug\iio.obj
c:\users\windowsonubuntu\downloads\igraph-0.7.1-msvc(2)\igraph-0.7.1-msvc\debug\ilnw.obj
c:\users\windowsonubuntu\downloads\igraph-0.7.1-msvc(2)\igraph-0.7.1-msvc\debug\inquire.obj
c:\users\windowsonubuntu\downloads\igraph-0.7.1-msvc(2)\igraph-0.7.1-msvc\debug\i_abs.obj
c:\users\windowsonubuntu\downloads\igraph-0.7.1-msvc(2)\igraph-0.7.1-msvc\debug\i_dim.obj
c:\users\windowsonubuntu\downloads\igraph-0.7.1-msvc(2)\igraph-0.7.1-msvc\debug\i_dnnt.obj
c:\users\windowsonubuntu\downloads\igraph-0.7.1-msvc(2)\igraph-0.7.1-msvc\debug\i_indx.obj
c:\users\windowsonubuntu\downloads\igraph-0.7.1-msvc(2)\igraph-0.7.1-msvc\debug\d_sign.obj
c:\users\windowsonubuntu\downloads\igraph-0.7.1-msvc(2)\igraph-0.7.1-msvc\debug\d_sin.obj
c:\users\windowsonubuntu\downloads\igraph-0.7.1-msvc(2)\igraph-0.7.1-msvc\debug\d_sinh.obj
c:\users\windowsonubuntu\downloads\igraph-0.7.1-msvc(2)\igraph-0.7.1-msvc\debug\d_sqrt.obj
c:\users\windowsonubuntu\downloads\igraph-0.7.1-msvc(2)\igraph-0.7.1-msvc\debug\d_tan.obj
c:\users\windowsonubuntu\downloads\igraph-0.7.1-msvc(2)\igraph-0.7.1-msvc\debug\d_tanh.obj
c:\users\windowsonubuntu\downloads\igraph-0.7.1-msvc(2)\igraph-0.7.1-msvc\debug\ef1asc_.obj
c:\users\windowsonubuntu\downloads\igraph-0.7.1-msvc(2)\igraph-0.7.1-msvc\debug\ef1cmc_.obj
c:\users\windowsonubuntu\downloads\igraph-0.7.1-msvc(2)\igraph-0.7.1-msvc\debug\endfile.obj
c:\users\windowsonubuntu\downloads\igraph-0.7.1-msvc(2)\igraph-0.7.1-msvc\debug\erfc_.obj
c:\users\windowsonubuntu\downloads\igraph-0.7.1-msvc(2)\igraph-0.7.1-msvc\debug\erf_.obj
c:\users\windowsonubuntu\downloads\igraph-0.7.1-msvc(2)\igraph-0.7.1-msvc\debug\err.obj
c:\users\windowsonubuntu\downloads\igraph-0.7.1-msvc(2)\igraph-0.7.1-msvc\debug\etime_.obj
c:\users\windowsonubuntu\downloads\igraph-0.7.1-msvc(2)\igraph-0.7.1-msvc\debug\exit_.obj
c:\users\windowsonubuntu\downloads\igraph-0.7.1-msvc(2)\igraph-0.7.1-msvc\debug\f77vers.obj
c:\users\windowsonubuntu\downloads\igraph-0.7.1-msvc(2)\igraph-0.7.1-msvc\debug\f77_aloc.obj
c:\users\windowsonubuntu\downloads\igraph-0.7.1-msvc(2)\igraph-0.7.1-msvc\debug\fmt.obj
c:\users\windowsonubuntu\downloads\igraph-0.7.1-msvc(2)\igraph-0.7.1-msvc\debug\fmtlib.obj
c:\users\windowsonubuntu\downloads\igraph-0.7.1-msvc(2)\igraph-0.7.1-msvc\debug\ftell_.obj
c:\users\windowsonubuntu\downloads\igraph-0.7.1-msvc(2)\igraph-0.7.1-msvc\debug\getenv_.obj
c:\users\windowsonubuntu\downloads\igraph-0.7.1-msvc(2)\igraph-0.7.1-msvc\debug\dtime_.obj
c:\users\windowsonubuntu\downloads\igraph-0.7.1-msvc(2)\igraph-0.7.1-msvc\debug\due.obj
c:\users\windowsonubuntu\downloads\igraph-0.7.1-msvc(2)\igraph-0.7.1-msvc\debug\dummy.obj
c:\users\windowsonubuntu\downloads\igraph-0.7.1-msvc(2)\igraph-0.7.1-msvc\debug\d_abs.obj
c:\users\windowsonubuntu\downloads\igraph-0.7.1-msvc(2)\igraph-0.7.1-msvc\debug\d_acos.obj
c:\users\windowsonubuntu\downloads\igraph-0.7.1-msvc(2)\igraph-0.7.1-msvc\debug\d_asin.obj
c:\users\windowsonubuntu\downloads\igraph-0.7.1-msvc(2)\igraph-0.7.1-msvc\debug\d_atan.obj
c:\users\windowsonubuntu\downloads\igraph-0.7.1-msvc(2)\igraph-0.7.1-msvc\debug\d_atn2.obj
c:\users\windowsonubuntu\downloads\igraph-0.7.1-msvc(2)\igraph-0.7.1-msvc\debug\d_cnjg.obj
c:\users\windowsonubuntu\downloads\igraph-0.7.1-msvc(2)\igraph-0.7.1-msvc\debug\d_cos.obj
c:\users\windowsonubuntu\downloads\igraph-0.7.1-msvc(2)\igraph-0.7.1-msvc\debug\d_cosh.obj
c:\users\windowsonubuntu\downloads\igraph-0.7.1-msvc(2)\igraph-0.7.1-msvc\debug\d_dim.obj
c:\users\windowsonubuntu\downloads\igraph-0.7.1-msvc(2)\igraph-0.7.1-msvc\debug\d_exp.obj
c:\users\windowsonubuntu\downloads\igraph-0.7.1-msvc(2)\igraph-0.7.1-msvc\debug\d_imag.obj
c:\users\windowsonubuntu\downloads\igraph-0.7.1-msvc(2)\igraph-0.7.1-msvc\debug\d_int.obj
c:\users\windowsonubuntu\downloads\igraph-0.7.1-msvc(2)\igraph-0.7.1-msvc\debug\d_lg10.obj
c:\users\windowsonubuntu\downloads\igraph-0.7.1-msvc(2)\igraph-0.7.1-msvc\debug\d_log.obj
c:\users\windowsonubuntu\downloads\igraph-0.7.1-msvc(2)\igraph-0.7.1-msvc\debug\d_mod.obj
c:\users\windowsonubuntu\downloads\igraph-0.7.1-msvc(2)\igraph-0.7.1-msvc\debug\d_nint.obj
c:\users\windowsonubuntu\downloads\igraph-0.7.1-msvc(2)\igraph-0.7.1-msvc\debug\d_prod.obj
c:\users\windowsonubuntu\downloads\igraph-0.7.1-msvc(2)\igraph-0.7.1-msvc\debug\distances.obj
c:\users\windowsonubuntu\downloads\igraph-0.7.1-msvc(2)\igraph-0.7.1-msvc\debug\dqueue.obj
c:\users\windowsonubuntu\downloads\igraph-0.7.1-msvc(2)\igraph-0.7.1-msvc\debug\eigen.obj
c:\users\windowsonubuntu\downloads\igraph-0.7.1-msvc(2)\igraph-0.7.1-msvc\debug\evolver_cit.obj
c:\users\windowsonubuntu\downloads\igraph-0.7.1-msvc(2)\igraph-0.7.1-msvc\debug\abort_.obj
c:\users\windowsonubuntu\downloads\igraph-0.7.1-msvc(2)\igraph-0.7.1-msvc\debug\backspac.obj
c:\users\windowsonubuntu\downloads\igraph-0.7.1-msvc(2)\igraph-0.7.1-msvc\debug\cabs.obj
c:\users\windowsonubuntu\downloads\igraph-0.7.1-msvc(2)\igraph-0.7.1-msvc\debug\close.obj
c:\users\windowsonubuntu\downloads\igraph-0.7.1-msvc(2)\igraph-0.7.1-msvc\debug\ctype.obj
c:\users\windowsonubuntu\downloads\igraph-0.7.1-msvc(2)\igraph-0.7.1-msvc\debug\c_abs.obj
c:\users\windowsonubuntu\downloads\igraph-0.7.1-msvc(2)\igraph-0.7.1-msvc\debug\c_cos.obj
c:\users\windowsonubuntu\downloads\igraph-0.7.1-msvc(2)\igraph-0.7.1-msvc\debug\c_div.obj
c:\users\windowsonubuntu\downloads\igraph-0.7.1-msvc(2)\igraph-0.7.1-msvc\debug\c_exp.obj
c:\users\windowsonubuntu\downloads\igraph-0.7.1-msvc(2)\igraph-0.7.1-msvc\debug\c_log.obj
c:\users\windowsonubuntu\downloads\igraph-0.7.1-msvc(2)\igraph-0.7.1-msvc\debug\c_sin.obj
c:\users\windowsonubuntu\downloads\igraph-0.7.1-msvc(2)\igraph-0.7.1-msvc\debug\c_sqrt.obj
c:\users\windowsonubuntu\downloads\igraph-0.7.1-msvc(2)\igraph-0.7.1-msvc\debug\derfc_.obj
c:\users\windowsonubuntu\downloads\igraph-0.7.1-msvc(2)\igraph-0.7.1-msvc\debug\derf_.obj
c:\users\windowsonubuntu\downloads\igraph-0.7.1-msvc(2)\igraph-0.7.1-msvc\debug\dfe.obj
c:\users\windowsonubuntu\downloads\igraph-0.7.1-msvc(2)\igraph-0.7.1-msvc\debug\dolio.obj
c:\users\windowsonubuntu\downloads\igraph-0.7.1-msvc(2)\igraph-0.7.1-msvc\debug\cs_post.obj
c:\users\windowsonubuntu\downloads\igraph-0.7.1-msvc(2)\igraph-0.7.1-msvc\debug\cs_print.obj
c:\users\windowsonubuntu\downloads\igraph-0.7.1-msvc(2)\igraph-0.7.1-msvc\debug\cs_pvec.obj
c:\users\windowsonubuntu\downloads\igraph-0.7.1-msvc(2)\igraph-0.7.1-msvc\debug\cs_qr.obj
c:\users\windowsonubuntu\downloads\igraph-0.7.1-msvc(2)\igraph-0.7.1-msvc\debug\cs_qrsol.obj
c:\users\windowsonubuntu\downloads\igraph-0.7.1-msvc(2)\igraph-0.7.1-msvc\debug\cs_randperm.obj
c:\users\windowsonubuntu\downloads\igraph-0.7.1-msvc(2)\igraph-0.7.1-msvc\debug\cs_reach.obj
c:\users\windowsonubuntu\downloads\igraph-0.7.1-msvc(2)\igraph-0.7.1-msvc\debug\cs_scatter.obj
c:\users\windowsonubuntu\downloads\igraph-0.7.1-msvc(2)\igraph-0.7.1-msvc\debug\cs_scc.obj
c:\users\windowsonubuntu\downloads\igraph-0.7.1-msvc(2)\igraph-0.7.1-msvc\debug\cs_schol.obj
c:\users\windowsonubuntu\downloads\igraph-0.7.1-msvc(2)\igraph-0.7.1-msvc\debug\cs_spsolve.obj
c:\users\windowsonubuntu\downloads\igraph-0.7.1-msvc(2)\igraph-0.7.1-msvc\debug\cs_sqr.obj
c:\users\windowsonubuntu\downloads\igraph-0.7.1-msvc(2)\igraph-0.7.1-msvc\debug\cs_symperm.obj
c:\users\windowsonubuntu\downloads\igraph-0.7.1-msvc(2)\igraph-0.7.1-msvc\debug\cs_tdfs.obj
c:\users\windowsonubuntu\downloads\igraph-0.7.1-msvc(2)\igraph-0.7.1-msvc\debug\cs_transpose.obj
c:\users\windowsonubuntu\downloads\igraph-0.7.1-msvc(2)\igraph-0.7.1-msvc\debug\cs_updown.obj
c:\users\windowsonubuntu\downloads\igraph-0.7.1-msvc(2)\igraph-0.7.1-msvc\debug\cs_usolve.obj
c:\users\windowsonubuntu\downloads\igraph-0.7.1-msvc(2)\igraph-0.7.1-msvc\debug\cs_util.obj
c:\users\windowsonubuntu\downloads\igraph-0.7.1-msvc(2)\igraph-0.7.1-msvc\debug\cs_utsolve.obj
c:\users\windowsonubuntu\downloads\igraph-0.7.1-msvc(2)\igraph-0.7.1-msvc\debug\decomposition.obj
c:\users\windowsonubuntu\downloads\igraph-0.7.1-msvc(2)\igraph-0.7.1-msvc\debug\cs_entry.obj
c:\users\windowsonubuntu\downloads\igraph-0.7.1-msvc(2)\igraph-0.7.1-msvc\debug\cs_ereach.obj
c:\users\windowsonubuntu\downloads\igraph-0.7.1-msvc(2)\igraph-0.7.1-msvc\debug\cs_etree.obj
c:\users\windowsonubuntu\downloads\igraph-0.7.1-msvc(2)\igraph-0.7.1-msvc\debug\cs_fkeep.obj
c:\users\windowsonubuntu\downloads\igraph-0.7.1-msvc(2)\igraph-0.7.1-msvc\debug\cs_gaxpy.obj
c:\users\windowsonubuntu\downloads\igraph-0.7.1-msvc(2)\igraph-0.7.1-msvc\debug\cs_happly.obj
c:\users\windowsonubuntu\downloads\igraph-0.7.1-msvc(2)\igraph-0.7.1-msvc\debug\cs_house.obj
c:\users\windowsonubuntu\downloads\igraph-0.7.1-msvc(2)\igraph-0.7.1-msvc\debug\cs_ipvec.obj
c:\users\windowsonubuntu\downloads\igraph-0.7.1-msvc(2)\igraph-0.7.1-msvc\debug\cs_leaf.obj
c:\users\windowsonubuntu\downloads\igraph-0.7.1-msvc(2)\igraph-0.7.1-msvc\debug\cs_load.obj
c:\users\windowsonubuntu\downloads\igraph-0.7.1-msvc(2)\igraph-0.7.1-msvc\debug\cs_lsolve.obj
c:\users\windowsonubuntu\downloads\igraph-0.7.1-msvc(2)\igraph-0.7.1-msvc\debug\cs_ltsolve.obj
c:\users\windowsonubuntu\downloads\igraph-0.7.1-msvc(2)\igraph-0.7.1-msvc\debug\cs_lu.obj
c:\users\windowsonubuntu\downloads\igraph-0.7.1-msvc(2)\igraph-0.7.1-msvc\debug\cs_lusol.obj
c:\users\windowsonubuntu\downloads\igraph-0.7.1-msvc(2)\igraph-0.7.1-msvc\debug\cs_malloc.obj
c:\users\windowsonubuntu\downloads\igraph-0.7.1-msvc(2)\igraph-0.7.1-msvc\debug\cs_maxtrans.obj
c:\users\windowsonubuntu\downloads\igraph-0.7.1-msvc(2)\igraph-0.7.1-msvc\debug\cs_multiply.obj
c:\users\windowsonubuntu\downloads\igraph-0.7.1-msvc(2)\igraph-0.7.1-msvc\debug\cs_norm.obj
c:\users\windowsonubuntu\downloads\igraph-0.7.1-msvc(2)\igraph-0.7.1-msvc\debug\cs_permute.obj
c:\users\windowsonubuntu\downloads\igraph-0.7.1-msvc(2)\igraph-0.7.1-msvc\debug\cs_pinv.obj
c:\users\windowsonubuntu\downloads\igraph-0.7.1-msvc(2)\igraph-0.7.1-msvc\debug\cliques.obj
c:\users\windowsonubuntu\downloads\igraph-0.7.1-msvc(2)\igraph-0.7.1-msvc\debug\cocitation.obj
c:\users\windowsonubuntu\downloads\igraph-0.7.1-msvc(2)\igraph-0.7.1-msvc\debug\cohesive_blocks.obj
c:\users\windowsonubuntu\downloads\igraph-0.7.1-msvc(2)\igraph-0.7.1-msvc\debug\community.obj
c:\users\windowsonubuntu\downloads\igraph-0.7.1-msvc(2)\igraph-0.7.1-msvc\debug\complex.obj
c:\users\windowsonubuntu\downloads\igraph-0.7.1-msvc(2)\igraph-0.7.1-msvc\debug\components.obj
c:\users\windowsonubuntu\downloads\igraph-0.7.1-msvc(2)\igraph-0.7.1-msvc\debug\conversion.obj
c:\users\windowsonubuntu\downloads\igraph-0.7.1-msvc(2)\igraph-0.7.1-msvc\debug\cores.obj
c:\users\windowsonubuntu\downloads\igraph-0.7.1-msvc(2)\igraph-0.7.1-msvc\debug\cs_add.obj
c:\users\windowsonubuntu\downloads\igraph-0.7.1-msvc(2)\igraph-0.7.1-msvc\debug\cs_amd.obj
c:\users\windowsonubuntu\downloads\igraph-0.7.1-msvc(2)\igraph-0.7.1-msvc\debug\cs_chol.obj
c:\users\windowsonubuntu\downloads\igraph-0.7.1-msvc(2)\igraph-0.7.1-msvc\debug\cs_cholsol.obj
c:\users\windowsonubuntu\downloads\igraph-0.7.1-msvc(2)\igraph-0.7.1-msvc\debug\cs_compress.obj
c:\users\windowsonubuntu\downloads\igraph-0.7.1-msvc(2)\igraph-0.7.1-msvc\debug\cs_counts.obj
c:\users\windowsonubuntu\downloads\igraph-0.7.1-msvc(2)\igraph-0.7.1-msvc\debug\cs_cumsum.obj
c:\users\windowsonubuntu\downloads\igraph-0.7.1-msvc(2)\igraph-0.7.1-msvc\debug\cs_dfs.obj
c:\users\windowsonubuntu\downloads\igraph-0.7.1-msvc(2)\igraph-0.7.1-msvc\debug\cs_dmperm.obj
c:\users\windowsonubuntu\downloads\igraph-0.7.1-msvc(2)\igraph-0.7.1-msvc\debug\cs_droptol.obj
c:\users\windowsonubuntu\downloads\igraph-0.7.1-msvc(2)\igraph-0.7.1-msvc\debug\cs_dropzeros.obj
c:\users\windowsonubuntu\downloads\igraph-0.7.1-msvc(2)\igraph-0.7.1-msvc\debug\cs_dupl.obj
c:\users\windowsonubuntu\downloads\igraph-0.7.1-msvc(2)\igraph-0.7.1-msvc\debug\adjlist.obj
c:\users\windowsonubuntu\downloads\igraph-0.7.1-msvc(2)\igraph-0.7.1-msvc\debug\arpack.obj
c:\users\windowsonubuntu\downloads\igraph-0.7.1-msvc(2)\igraph-0.7.1-msvc\debug\array.obj
c:\users\windowsonubuntu\downloads\igraph-0.7.1-msvc(2)\igraph-0.7.1-msvc\debug\atlas.obj
c:\users\windowsonubuntu\downloads\igraph-0.7.1-msvc(2)\igraph-0.7.1-msvc\debug\attributes.obj
c:\users\windowsonubuntu\downloads\igraph-0.7.1-msvc(2)\igraph-0.7.1-msvc\debug\basic_query.obj
c:\users\windowsonubuntu\downloads\igraph-0.7.1-msvc(2)\igraph-0.7.1-msvc\debug\bfgs.obj
c:\users\windowsonubuntu\downloads\igraph-0.7.1-msvc(2)\igraph-0.7.1-msvc\debug\bigint.obj
c:\users\windowsonubuntu\downloads\igraph-0.7.1-msvc(2)\igraph-0.7.1-msvc\debug\bignum.obj
c:\users\windowsonubuntu\downloads\igraph-0.7.1-msvc(2)\igraph-0.7.1-msvc\debug\bipartite.obj
c:\users\windowsonubuntu\downloads\igraph-0.7.1-msvc(2)\igraph-0.7.1-msvc\debug\blas.obj
c:\users\windowsonubuntu\downloads\igraph-0.7.1-msvc(2)\igraph-0.7.1-msvc\debug\cattributes.obj
c:\users\windowsonubuntu\downloads\igraph-0.7.1-msvc(2)\igraph-0.7.1-msvc\debug\centrality.obj
c:\users\windowsonubuntu\downloads\igraph-0.7.1-msvc(2)\igraph-0.7.1-msvc\debug\igraph.exe
c:\users\windowsonubuntu\downloads\igraph-0.7.1-msvc(2)\igraph-0.7.1-msvc\debug\igraph.ilk
c:\users\windowsonubuntu\downloads\igraph-0.7.1-msvc(2)\igraph-0.7.1-msvc\debug\igraph.pdb
c:\users\windowsonubuntu\downloads\igraph-0.7.1-msvc(2)\igraph-0.7.1-msvc\debug\source.obj.enc
c:\users\windowsonubuntu\downloads\igraph-0.7.1-msvc(2)\igraph-0.7.1-msvc\debug\s_paus.obj.enc
c:\users\windowsonubuntu\downloads\igraph-0.7.1-msvc(2)\igraph-0.7.1-msvc\debug\igraph.tlog\cl.command.1.tlog
c:\users\windowsonubuntu\downloads\igraph-0.7.1-msvc(2)\igraph-0.7.1-msvc\debug\igraph.tlog\cl.read.1.tlog
c:\users\windowsonubuntu\downloads\igraph-0.7.1-msvc(2)\igraph-0.7.1-msvc\debug\igraph.tlog\cl.write.1.tlog
c:\users\windowsonubuntu\downloads\igraph-0.7.1-msvc(2)\igraph-0.7.1-msvc\debug\igraph.tlog\link.command.1.tlog
c:\users\windowsonubuntu\downloads\igraph-0.7.1-msvc(2)\igraph-0.7.1-msvc\debug\igraph.tlog\link.read.1.tlog
c:\users\windowsonubuntu\downloads\igraph-0.7.1-msvc(2)\igraph-0.7.1-msvc\debug\igraph.tlog\link.write.1.tlog
