C:\Program Files (x86)\Microsoft Visual Studio\2017\Community\Common7\IDE\VC\VCTargets\Microsoft.CppBuild.targets(391,5): warning MSB8028: The intermediate directory (Debug\) contains files shared from another project (igraphtest.vcxproj).  This can lead to incorrect clean and rebuild behavior.
  prpack_utils.cpp
  prpack_solver.cpp
  prpack_result.cpp
  prpack_preprocessed_schur_graph.cpp
  prpack_preprocessed_scc_graph.cpp
  prpack_preprocessed_gs_graph.cpp
  prpack_preprocessed_ge_graph.cpp
  prpack_igraph_graph.cpp
c:\users\windowsonubuntu\source\repos\github\alexberd\igraph\alexberd\igraph\msvc\igraph_client\prpack\prpack_igraph_graph.cpp(102): warning C4244: '=': conversion from '__int64' to 'int', possible loss of data
  prpack_base_graph.cpp
c:\users\windowsonubuntu\source\repos\github\alexberd\igraph\alexberd\igraph\msvc\igraph_client\prpack\prpack_base_graph.cpp(142): warning C4996: 'fopen': This function or variable may be unsafe. Consider using fopen_s instead. To disable deprecation, use _CRT_SECURE_NO_WARNINGS. See online help for details.
  c:\program files (x86)\windows kits\10\include\10.0.16299.0\ucrt\stdio.h(207): note: see declaration of 'fopen'
c:\users\windowsonubuntu\source\repos\github\alexberd\igraph\alexberd\igraph\msvc\igraph_client\prpack\prpack_base_graph.cpp(171): warning C4996: 'fscanf': This function or variable may be unsafe. Consider using fscanf_s instead. To disable deprecation, use _CRT_SECURE_NO_WARNINGS. See online help for details.
  c:\program files (x86)\windows kits\10\include\10.0.16299.0\ucrt\stdio.h(1195): note: see declaration of 'fscanf'
c:\users\windowsonubuntu\source\repos\github\alexberd\igraph\alexberd\igraph\msvc\igraph_client\prpack\prpack_base_graph.cpp(185): warning C4996: 'fscanf': This function or variable may be unsafe. Consider using fscanf_s instead. To disable deprecation, use _CRT_SECURE_NO_WARNINGS. See online help for details.
  c:\program files (x86)\windows kits\10\include\10.0.16299.0\ucrt\stdio.h(1195): note: see declaration of 'fscanf'
c:\users\windowsonubuntu\source\repos\github\alexberd\igraph\alexberd\igraph\msvc\igraph_client\prpack\prpack_base_graph.cpp(224): warning C4267: '=': conversion from 'size_t' to 'int', possible loss of data
c:\users\windowsonubuntu\source\repos\github\alexberd\igraph\alexberd\igraph\msvc\igraph_client\prpack\prpack_base_graph.cpp(215): warning C4996: 'fscanf': This function or variable may be unsafe. Consider using fscanf_s instead. To disable deprecation, use _CRT_SECURE_NO_WARNINGS. See online help for details.
  c:\program files (x86)\windows kits\10\include\10.0.16299.0\ucrt\stdio.h(1195): note: see declaration of 'fscanf'
c:\users\windowsonubuntu\source\repos\github\alexberd\igraph\alexberd\igraph\msvc\igraph_client\prpack\prpack_base_graph.cpp(235): warning C4996: 'fscanf': This function or variable may be unsafe. Consider using fscanf_s instead. To disable deprecation, use _CRT_SECURE_NO_WARNINGS. See online help for details.
  c:\program files (x86)\windows kits\10\include\10.0.16299.0\ucrt\stdio.h(1195): note: see declaration of 'fscanf'
  igraph_betweeness.cpp
c:\users\windowsonubuntu\source\repos\github\alexberd\igraph\alexberd\igraph\msvc\igraph_client\igraph_betweeness.cpp(56): warning C4101: 'edges': unreferenced local variable
  Generating Code...
     Creating library Debug\igraph_client.lib and object Debug\igraph_client.exp
igraph.lib(adjlist.obj) : warning LNK4099: PDB 'igraph.pdb' was not found with 'igraph.lib(adjlist.obj)' or at 'C:\Users\WindowsOnUbuntu\source\repos\GITHUB\alexberd\igraph\alexberd\igraph\msvc\igraph_client\Debug\igraph.pdb'; linking object as if no debug info
igraph.lib(arpack.obj) : warning LNK4099: PDB 'igraph.pdb' was not found with 'igraph.lib(arpack.obj)' or at 'C:\Users\WindowsOnUbuntu\source\repos\GITHUB\alexberd\igraph\alexberd\igraph\msvc\igraph_client\Debug\igraph.pdb'; linking object as if no debug info
igraph.lib(attributes.obj) : warning LNK4099: PDB 'igraph.pdb' was not found with 'igraph.lib(attributes.obj)' or at 'C:\Users\WindowsOnUbuntu\source\repos\GITHUB\alexberd\igraph\alexberd\igraph\msvc\igraph_client\Debug\igraph.pdb'; linking object as if no debug info
igraph.lib(basic_query.obj) : warning LNK4099: PDB 'igraph.pdb' was not found with 'igraph.lib(basic_query.obj)' or at 'C:\Users\WindowsOnUbuntu\source\repos\GITHUB\alexberd\igraph\alexberd\igraph\msvc\igraph_client\Debug\igraph.pdb'; linking object as if no debug info
igraph.lib(bigint.obj) : warning LNK4099: PDB 'igraph.pdb' was not found with 'igraph.lib(bigint.obj)' or at 'C:\Users\WindowsOnUbuntu\source\repos\GITHUB\alexberd\igraph\alexberd\igraph\msvc\igraph_client\Debug\igraph.pdb'; linking object as if no debug info
igraph.lib(bignum.obj) : warning LNK4099: PDB 'igraph.pdb' was not found with 'igraph.lib(bignum.obj)' or at 'C:\Users\WindowsOnUbuntu\source\repos\GITHUB\alexberd\igraph\alexberd\igraph\msvc\igraph_client\Debug\igraph.pdb'; linking object as if no debug info
igraph.lib(centrality.obj) : warning LNK4099: PDB 'igraph.pdb' was not found with 'igraph.lib(centrality.obj)' or at 'C:\Users\WindowsOnUbuntu\source\repos\GITHUB\alexberd\igraph\alexberd\igraph\msvc\igraph_client\Debug\igraph.pdb'; linking object as if no debug info
igraph.lib(complex.obj) : warning LNK4099: PDB 'igraph.pdb' was not found with 'igraph.lib(complex.obj)' or at 'C:\Users\WindowsOnUbuntu\source\repos\GITHUB\alexberd\igraph\alexberd\igraph\msvc\igraph_client\Debug\igraph.pdb'; linking object as if no debug info
igraph.lib(components.obj) : warning LNK4099: PDB 'igraph.pdb' was not found with 'igraph.lib(components.obj)' or at 'C:\Users\WindowsOnUbuntu\source\repos\GITHUB\alexberd\igraph\alexberd\igraph\msvc\igraph_client\Debug\igraph.pdb'; linking object as if no debug info
igraph.lib(conversion.obj) : warning LNK4099: PDB 'igraph.pdb' was not found with 'igraph.lib(conversion.obj)' or at 'C:\Users\WindowsOnUbuntu\source\repos\GITHUB\alexberd\igraph\alexberd\igraph\msvc\igraph_client\Debug\igraph.pdb'; linking object as if no debug info
igraph.lib(cs_add.obj) : warning LNK4099: PDB 'igraph.pdb' was not found with 'igraph.lib(cs_add.obj)' or at 'C:\Users\WindowsOnUbuntu\source\repos\GITHUB\alexberd\igraph\alexberd\igraph\msvc\igraph_client\Debug\igraph.pdb'; linking object as if no debug info
igraph.lib(cs_amd.obj) : warning LNK4099: PDB 'igraph.pdb' was not found with 'igraph.lib(cs_amd.obj)' or at 'C:\Users\WindowsOnUbuntu\source\repos\GITHUB\alexberd\igraph\alexberd\igraph\msvc\igraph_client\Debug\igraph.pdb'; linking object as if no debug info
igraph.lib(cs_chol.obj) : warning LNK4099: PDB 'igraph.pdb' was not found with 'igraph.lib(cs_chol.obj)' or at 'C:\Users\WindowsOnUbuntu\source\repos\GITHUB\alexberd\igraph\alexberd\igraph\msvc\igraph_client\Debug\igraph.pdb'; linking object as if no debug info
igraph.lib(cs_cholsol.obj) : warning LNK4099: PDB 'igraph.pdb' was not found with 'igraph.lib(cs_cholsol.obj)' or at 'C:\Users\WindowsOnUbuntu\source\repos\GITHUB\alexberd\igraph\alexberd\igraph\msvc\igraph_client\Debug\igraph.pdb'; linking object as if no debug info
igraph.lib(cs_compress.obj) : warning LNK4099: PDB 'igraph.pdb' was not found with 'igraph.lib(cs_compress.obj)' or at 'C:\Users\WindowsOnUbuntu\source\repos\GITHUB\alexberd\igraph\alexberd\igraph\msvc\igraph_client\Debug\igraph.pdb'; linking object as if no debug info
igraph.lib(cs_counts.obj) : warning LNK4099: PDB 'igraph.pdb' was not found with 'igraph.lib(cs_counts.obj)' or at 'C:\Users\WindowsOnUbuntu\source\repos\GITHUB\alexberd\igraph\alexberd\igraph\msvc\igraph_client\Debug\igraph.pdb'; linking object as if no debug info
igraph.lib(cs_cumsum.obj) : warning LNK4099: PDB 'igraph.pdb' was not found with 'igraph.lib(cs_cumsum.obj)' or at 'C:\Users\WindowsOnUbuntu\source\repos\GITHUB\alexberd\igraph\alexberd\igraph\msvc\igraph_client\Debug\igraph.pdb'; linking object as if no debug info
igraph.lib(cs_dfs.obj) : warning LNK4099: PDB 'igraph.pdb' was not found with 'igraph.lib(cs_dfs.obj)' or at 'C:\Users\WindowsOnUbuntu\source\repos\GITHUB\alexberd\igraph\alexberd\igraph\msvc\igraph_client\Debug\igraph.pdb'; linking object as if no debug info
igraph.lib(cs_droptol.obj) : warning LNK4099: PDB 'igraph.pdb' was not found with 'igraph.lib(cs_droptol.obj)' or at 'C:\Users\WindowsOnUbuntu\source\repos\GITHUB\alexberd\igraph\alexberd\igraph\msvc\igraph_client\Debug\igraph.pdb'; linking object as if no debug info
igraph.lib(cs_dropzeros.obj) : warning LNK4099: PDB 'igraph.pdb' was not found with 'igraph.lib(cs_dropzeros.obj)' or at 'C:\Users\WindowsOnUbuntu\source\repos\GITHUB\alexberd\igraph\alexberd\igraph\msvc\igraph_client\Debug\igraph.pdb'; linking object as if no debug info
igraph.lib(cs_dupl.obj) : warning LNK4099: PDB 'igraph.pdb' was not found with 'igraph.lib(cs_dupl.obj)' or at 'C:\Users\WindowsOnUbuntu\source\repos\GITHUB\alexberd\igraph\alexberd\igraph\msvc\igraph_client\Debug\igraph.pdb'; linking object as if no debug info
igraph.lib(cs_entry.obj) : warning LNK4099: PDB 'igraph.pdb' was not found with 'igraph.lib(cs_entry.obj)' or at 'C:\Users\WindowsOnUbuntu\source\repos\GITHUB\alexberd\igraph\alexberd\igraph\msvc\igraph_client\Debug\igraph.pdb'; linking object as if no debug info
igraph.lib(cs_ereach.obj) : warning LNK4099: PDB 'igraph.pdb' was not found with 'igraph.lib(cs_ereach.obj)' or at 'C:\Users\WindowsOnUbuntu\source\repos\GITHUB\alexberd\igraph\alexberd\igraph\msvc\igraph_client\Debug\igraph.pdb'; linking object as if no debug info
igraph.lib(cs_etree.obj) : warning LNK4099: PDB 'igraph.pdb' was not found with 'igraph.lib(cs_etree.obj)' or at 'C:\Users\WindowsOnUbuntu\source\repos\GITHUB\alexberd\igraph\alexberd\igraph\msvc\igraph_client\Debug\igraph.pdb'; linking object as if no debug info
igraph.lib(cs_fkeep.obj) : warning LNK4099: PDB 'igraph.pdb' was not found with 'igraph.lib(cs_fkeep.obj)' or at 'C:\Users\WindowsOnUbuntu\source\repos\GITHUB\alexberd\igraph\alexberd\igraph\msvc\igraph_client\Debug\igraph.pdb'; linking object as if no debug info
igraph.lib(cs_gaxpy.obj) : warning LNK4099: PDB 'igraph.pdb' was not found with 'igraph.lib(cs_gaxpy.obj)' or at 'C:\Users\WindowsOnUbuntu\source\repos\GITHUB\alexberd\igraph\alexberd\igraph\msvc\igraph_client\Debug\igraph.pdb'; linking object as if no debug info
igraph.lib(cs_happly.obj) : warning LNK4099: PDB 'igraph.pdb' was not found with 'igraph.lib(cs_happly.obj)' or at 'C:\Users\WindowsOnUbuntu\source\repos\GITHUB\alexberd\igraph\alexberd\igraph\msvc\igraph_client\Debug\igraph.pdb'; linking object as if no debug info
igraph.lib(cs_house.obj) : warning LNK4099: PDB 'igraph.pdb' was not found with 'igraph.lib(cs_house.obj)' or at 'C:\Users\WindowsOnUbuntu\source\repos\GITHUB\alexberd\igraph\alexberd\igraph\msvc\igraph_client\Debug\igraph.pdb'; linking object as if no debug info
igraph.lib(cs_ipvec.obj) : warning LNK4099: PDB 'igraph.pdb' was not found with 'igraph.lib(cs_ipvec.obj)' or at 'C:\Users\WindowsOnUbuntu\source\repos\GITHUB\alexberd\igraph\alexberd\igraph\msvc\igraph_client\Debug\igraph.pdb'; linking object as if no debug info
igraph.lib(cs_leaf.obj) : warning LNK4099: PDB 'igraph.pdb' was not found with 'igraph.lib(cs_leaf.obj)' or at 'C:\Users\WindowsOnUbuntu\source\repos\GITHUB\alexberd\igraph\alexberd\igraph\msvc\igraph_client\Debug\igraph.pdb'; linking object as if no debug info
igraph.lib(cs_lsolve.obj) : warning LNK4099: PDB 'igraph.pdb' was not found with 'igraph.lib(cs_lsolve.obj)' or at 'C:\Users\WindowsOnUbuntu\source\repos\GITHUB\alexberd\igraph\alexberd\igraph\msvc\igraph_client\Debug\igraph.pdb'; linking object as if no debug info
igraph.lib(cs_ltsolve.obj) : warning LNK4099: PDB 'igraph.pdb' was not found with 'igraph.lib(cs_ltsolve.obj)' or at 'C:\Users\WindowsOnUbuntu\source\repos\GITHUB\alexberd\igraph\alexberd\igraph\msvc\igraph_client\Debug\igraph.pdb'; linking object as if no debug info
igraph.lib(cs_lu.obj) : warning LNK4099: PDB 'igraph.pdb' was not found with 'igraph.lib(cs_lu.obj)' or at 'C:\Users\WindowsOnUbuntu\source\repos\GITHUB\alexberd\igraph\alexberd\igraph\msvc\igraph_client\Debug\igraph.pdb'; linking object as if no debug info
igraph.lib(cs_lusol.obj) : warning LNK4099: PDB 'igraph.pdb' was not found with 'igraph.lib(cs_lusol.obj)' or at 'C:\Users\WindowsOnUbuntu\source\repos\GITHUB\alexberd\igraph\alexberd\igraph\msvc\igraph_client\Debug\igraph.pdb'; linking object as if no debug info
igraph.lib(cs_malloc.obj) : warning LNK4099: PDB 'igraph.pdb' was not found with 'igraph.lib(cs_malloc.obj)' or at 'C:\Users\WindowsOnUbuntu\source\repos\GITHUB\alexberd\igraph\alexberd\igraph\msvc\igraph_client\Debug\igraph.pdb'; linking object as if no debug info
igraph.lib(cs_multiply.obj) : warning LNK4099: PDB 'igraph.pdb' was not found with 'igraph.lib(cs_multiply.obj)' or at 'C:\Users\WindowsOnUbuntu\source\repos\GITHUB\alexberd\igraph\alexberd\igraph\msvc\igraph_client\Debug\igraph.pdb'; linking object as if no debug info
igraph.lib(cs_permute.obj) : warning LNK4099: PDB 'igraph.pdb' was not found with 'igraph.lib(cs_permute.obj)' or at 'C:\Users\WindowsOnUbuntu\source\repos\GITHUB\alexberd\igraph\alexberd\igraph\msvc\igraph_client\Debug\igraph.pdb'; linking object as if no debug info
igraph.lib(cs_pinv.obj) : warning LNK4099: PDB 'igraph.pdb' was not found with 'igraph.lib(cs_pinv.obj)' or at 'C:\Users\WindowsOnUbuntu\source\repos\GITHUB\alexberd\igraph\alexberd\igraph\msvc\igraph_client\Debug\igraph.pdb'; linking object as if no debug info
igraph.lib(cs_post.obj) : warning LNK4099: PDB 'igraph.pdb' was not found with 'igraph.lib(cs_post.obj)' or at 'C:\Users\WindowsOnUbuntu\source\repos\GITHUB\alexberd\igraph\alexberd\igraph\msvc\igraph_client\Debug\igraph.pdb'; linking object as if no debug info
igraph.lib(cs_pvec.obj) : warning LNK4099: PDB 'igraph.pdb' was not found with 'igraph.lib(cs_pvec.obj)' or at 'C:\Users\WindowsOnUbuntu\source\repos\GITHUB\alexberd\igraph\alexberd\igraph\msvc\igraph_client\Debug\igraph.pdb'; linking object as if no debug info
igraph.lib(cs_qr.obj) : warning LNK4099: PDB 'igraph.pdb' was not found with 'igraph.lib(cs_qr.obj)' or at 'C:\Users\WindowsOnUbuntu\source\repos\GITHUB\alexberd\igraph\alexberd\igraph\msvc\igraph_client\Debug\igraph.pdb'; linking object as if no debug info
igraph.lib(cs_reach.obj) : warning LNK4099: PDB 'igraph.pdb' was not found with 'igraph.lib(cs_reach.obj)' or at 'C:\Users\WindowsOnUbuntu\source\repos\GITHUB\alexberd\igraph\alexberd\igraph\msvc\igraph_client\Debug\igraph.pdb'; linking object as if no debug info
igraph.lib(cs_scatter.obj) : warning LNK4099: PDB 'igraph.pdb' was not found with 'igraph.lib(cs_scatter.obj)' or at 'C:\Users\WindowsOnUbuntu\source\repos\GITHUB\alexberd\igraph\alexberd\igraph\msvc\igraph_client\Debug\igraph.pdb'; linking object as if no debug info
igraph.lib(cs_schol.obj) : warning LNK4099: PDB 'igraph.pdb' was not found with 'igraph.lib(cs_schol.obj)' or at 'C:\Users\WindowsOnUbuntu\source\repos\GITHUB\alexberd\igraph\alexberd\igraph\msvc\igraph_client\Debug\igraph.pdb'; linking object as if no debug info
igraph.lib(cs_spsolve.obj) : warning LNK4099: PDB 'igraph.pdb' was not found with 'igraph.lib(cs_spsolve.obj)' or at 'C:\Users\WindowsOnUbuntu\source\repos\GITHUB\alexberd\igraph\alexberd\igraph\msvc\igraph_client\Debug\igraph.pdb'; linking object as if no debug info
igraph.lib(cs_sqr.obj) : warning LNK4099: PDB 'igraph.pdb' was not found with 'igraph.lib(cs_sqr.obj)' or at 'C:\Users\WindowsOnUbuntu\source\repos\GITHUB\alexberd\igraph\alexberd\igraph\msvc\igraph_client\Debug\igraph.pdb'; linking object as if no debug info
igraph.lib(cs_symperm.obj) : warning LNK4099: PDB 'igraph.pdb' was not found with 'igraph.lib(cs_symperm.obj)' or at 'C:\Users\WindowsOnUbuntu\source\repos\GITHUB\alexberd\igraph\alexberd\igraph\msvc\igraph_client\Debug\igraph.pdb'; linking object as if no debug info
igraph.lib(cs_tdfs.obj) : warning LNK4099: PDB 'igraph.pdb' was not found with 'igraph.lib(cs_tdfs.obj)' or at 'C:\Users\WindowsOnUbuntu\source\repos\GITHUB\alexberd\igraph\alexberd\igraph\msvc\igraph_client\Debug\igraph.pdb'; linking object as if no debug info
igraph.lib(cs_transpose.obj) : warning LNK4099: PDB 'igraph.pdb' was not found with 'igraph.lib(cs_transpose.obj)' or at 'C:\Users\WindowsOnUbuntu\source\repos\GITHUB\alexberd\igraph\alexberd\igraph\msvc\igraph_client\Debug\igraph.pdb'; linking object as if no debug info
igraph.lib(cs_usolve.obj) : warning LNK4099: PDB 'igraph.pdb' was not found with 'igraph.lib(cs_usolve.obj)' or at 'C:\Users\WindowsOnUbuntu\source\repos\GITHUB\alexberd\igraph\alexberd\igraph\msvc\igraph_client\Debug\igraph.pdb'; linking object as if no debug info
igraph.lib(cs_util.obj) : warning LNK4099: PDB 'igraph.pdb' was not found with 'igraph.lib(cs_util.obj)' or at 'C:\Users\WindowsOnUbuntu\source\repos\GITHUB\alexberd\igraph\alexberd\igraph\msvc\igraph_client\Debug\igraph.pdb'; linking object as if no debug info
igraph.lib(cs_utsolve.obj) : warning LNK4099: PDB 'igraph.pdb' was not found with 'igraph.lib(cs_utsolve.obj)' or at 'C:\Users\WindowsOnUbuntu\source\repos\GITHUB\alexberd\igraph\alexberd\igraph\msvc\igraph_client\Debug\igraph.pdb'; linking object as if no debug info
igraph.lib(dqueue.obj) : warning LNK4099: PDB 'igraph.pdb' was not found with 'igraph.lib(dqueue.obj)' or at 'C:\Users\WindowsOnUbuntu\source\repos\GITHUB\alexberd\igraph\alexberd\igraph\msvc\igraph_client\Debug\igraph.pdb'; linking object as if no debug info
igraph.lib(close.obj) : warning LNK4099: PDB 'igraph.pdb' was not found with 'igraph.lib(close.obj)' or at 'C:\Users\WindowsOnUbuntu\source\repos\GITHUB\alexberd\igraph\alexberd\igraph\msvc\igraph_client\Debug\igraph.pdb'; linking object as if no debug info
igraph.lib(ctype.obj) : warning LNK4099: PDB 'igraph.pdb' was not found with 'igraph.lib(ctype.obj)' or at 'C:\Users\WindowsOnUbuntu\source\repos\GITHUB\alexberd\igraph\alexberd\igraph\msvc\igraph_client\Debug\igraph.pdb'; linking object as if no debug info
igraph.lib(d_lg10.obj) : warning LNK4099: PDB 'igraph.pdb' was not found with 'igraph.lib(d_lg10.obj)' or at 'C:\Users\WindowsOnUbuntu\source\repos\GITHUB\alexberd\igraph\alexberd\igraph\msvc\igraph_client\Debug\igraph.pdb'; linking object as if no debug info
igraph.lib(d_sign.obj) : warning LNK4099: PDB 'igraph.pdb' was not found with 'igraph.lib(d_sign.obj)' or at 'C:\Users\WindowsOnUbuntu\source\repos\GITHUB\alexberd\igraph\alexberd\igraph\msvc\igraph_client\Debug\igraph.pdb'; linking object as if no debug info
igraph.lib(endfile.obj) : warning LNK4099: PDB 'igraph.pdb' was not found with 'igraph.lib(endfile.obj)' or at 'C:\Users\WindowsOnUbuntu\source\repos\GITHUB\alexberd\igraph\alexberd\igraph\msvc\igraph_client\Debug\igraph.pdb'; linking object as if no debug info
igraph.lib(err.obj) : warning LNK4099: PDB 'igraph.pdb' was not found with 'igraph.lib(err.obj)' or at 'C:\Users\WindowsOnUbuntu\source\repos\GITHUB\alexberd\igraph\alexberd\igraph\msvc\igraph_client\Debug\igraph.pdb'; linking object as if no debug info
igraph.lib(etime_.obj) : warning LNK4099: PDB 'igraph.pdb' was not found with 'igraph.lib(etime_.obj)' or at 'C:\Users\WindowsOnUbuntu\source\repos\GITHUB\alexberd\igraph\alexberd\igraph\msvc\igraph_client\Debug\igraph.pdb'; linking object as if no debug info
igraph.lib(fmt.obj) : warning LNK4099: PDB 'igraph.pdb' was not found with 'igraph.lib(fmt.obj)' or at 'C:\Users\WindowsOnUbuntu\source\repos\GITHUB\alexberd\igraph\alexberd\igraph\msvc\igraph_client\Debug\igraph.pdb'; linking object as if no debug info
igraph.lib(fmtlib.obj) : warning LNK4099: PDB 'igraph.pdb' was not found with 'igraph.lib(fmtlib.obj)' or at 'C:\Users\WindowsOnUbuntu\source\repos\GITHUB\alexberd\igraph\alexberd\igraph\msvc\igraph_client\Debug\igraph.pdb'; linking object as if no debug info
igraph.lib(i_dnnt.obj) : warning LNK4099: PDB 'igraph.pdb' was not found with 'igraph.lib(i_dnnt.obj)' or at 'C:\Users\WindowsOnUbuntu\source\repos\GITHUB\alexberd\igraph\alexberd\igraph\msvc\igraph_client\Debug\igraph.pdb'; linking object as if no debug info
igraph.lib(i_len.obj) : warning LNK4099: PDB 'igraph.pdb' was not found with 'igraph.lib(i_len.obj)' or at 'C:\Users\WindowsOnUbuntu\source\repos\GITHUB\alexberd\igraph\alexberd\igraph\msvc\igraph_client\Debug\igraph.pdb'; linking object as if no debug info
igraph.lib(open.obj) : warning LNK4099: PDB 'igraph.pdb' was not found with 'igraph.lib(open.obj)' or at 'C:\Users\WindowsOnUbuntu\source\repos\GITHUB\alexberd\igraph\alexberd\igraph\msvc\igraph_client\Debug\igraph.pdb'; linking object as if no debug info
igraph.lib(pow_dd.obj) : warning LNK4099: PDB 'igraph.pdb' was not found with 'igraph.lib(pow_dd.obj)' or at 'C:\Users\WindowsOnUbuntu\source\repos\GITHUB\alexberd\igraph\alexberd\igraph\msvc\igraph_client\Debug\igraph.pdb'; linking object as if no debug info
igraph.lib(pow_di.obj) : warning LNK4099: PDB 'igraph.pdb' was not found with 'igraph.lib(pow_di.obj)' or at 'C:\Users\WindowsOnUbuntu\source\repos\GITHUB\alexberd\igraph\alexberd\igraph\msvc\igraph_client\Debug\igraph.pdb'; linking object as if no debug info
igraph.lib(sfe.obj) : warning LNK4099: PDB 'igraph.pdb' was not found with 'igraph.lib(sfe.obj)' or at 'C:\Users\WindowsOnUbuntu\source\repos\GITHUB\alexberd\igraph\alexberd\igraph\msvc\igraph_client\Debug\igraph.pdb'; linking object as if no debug info
igraph.lib(sig_die.obj) : warning LNK4099: PDB 'igraph.pdb' was not found with 'igraph.lib(sig_die.obj)' or at 'C:\Users\WindowsOnUbuntu\source\repos\GITHUB\alexberd\igraph\alexberd\igraph\msvc\igraph_client\Debug\igraph.pdb'; linking object as if no debug info
igraph.lib(s_cmp.obj) : warning LNK4099: PDB 'igraph.pdb' was not found with 'igraph.lib(s_cmp.obj)' or at 'C:\Users\WindowsOnUbuntu\source\repos\GITHUB\alexberd\igraph\alexberd\igraph\msvc\igraph_client\Debug\igraph.pdb'; linking object as if no debug info
igraph.lib(s_copy.obj) : warning LNK4099: PDB 'igraph.pdb' was not found with 'igraph.lib(s_copy.obj)' or at 'C:\Users\WindowsOnUbuntu\source\repos\GITHUB\alexberd\igraph\alexberd\igraph\msvc\igraph_client\Debug\igraph.pdb'; linking object as if no debug info
igraph.lib(s_stop.obj) : warning LNK4099: PDB 'igraph.pdb' was not found with 'igraph.lib(s_stop.obj)' or at 'C:\Users\WindowsOnUbuntu\source\repos\GITHUB\alexberd\igraph\alexberd\igraph\msvc\igraph_client\Debug\igraph.pdb'; linking object as if no debug info
igraph.lib(util.obj) : warning LNK4099: PDB 'igraph.pdb' was not found with 'igraph.lib(util.obj)' or at 'C:\Users\WindowsOnUbuntu\source\repos\GITHUB\alexberd\igraph\alexberd\igraph\msvc\igraph_client\Debug\igraph.pdb'; linking object as if no debug info
igraph.lib(wref.obj) : warning LNK4099: PDB 'igraph.pdb' was not found with 'igraph.lib(wref.obj)' or at 'C:\Users\WindowsOnUbuntu\source\repos\GITHUB\alexberd\igraph\alexberd\igraph\msvc\igraph_client\Debug\igraph.pdb'; linking object as if no debug info
igraph.lib(wrtfmt.obj) : warning LNK4099: PDB 'igraph.pdb' was not found with 'igraph.lib(wrtfmt.obj)' or at 'C:\Users\WindowsOnUbuntu\source\repos\GITHUB\alexberd\igraph\alexberd\igraph\msvc\igraph_client\Debug\igraph.pdb'; linking object as if no debug info
igraph.lib(wsfe.obj) : warning LNK4099: PDB 'igraph.pdb' was not found with 'igraph.lib(wsfe.obj)' or at 'C:\Users\WindowsOnUbuntu\source\repos\GITHUB\alexberd\igraph\alexberd\igraph\msvc\igraph_client\Debug\igraph.pdb'; linking object as if no debug info
igraph.lib(fortran_intrinsics.obj) : warning LNK4099: PDB 'igraph.pdb' was not found with 'igraph.lib(fortran_intrinsics.obj)' or at 'C:\Users\WindowsOnUbuntu\source\repos\GITHUB\alexberd\igraph\alexberd\igraph\msvc\igraph_client\Debug\igraph.pdb'; linking object as if no debug info
igraph.lib(heap.obj) : warning LNK4099: PDB 'igraph.pdb' was not found with 'igraph.lib(heap.obj)' or at 'C:\Users\WindowsOnUbuntu\source\repos\GITHUB\alexberd\igraph\alexberd\igraph\msvc\igraph_client\Debug\igraph.pdb'; linking object as if no debug info
igraph.lib(igraph_error.obj) : warning LNK4099: PDB 'igraph.pdb' was not found with 'igraph.lib(igraph_error.obj)' or at 'C:\Users\WindowsOnUbuntu\source\repos\GITHUB\alexberd\igraph\alexberd\igraph\msvc\igraph_client\Debug\igraph.pdb'; linking object as if no debug info
igraph.lib(igraph_fixed_vectorlist.obj) : warning LNK4099: PDB 'igraph.pdb' was not found with 'igraph.lib(igraph_fixed_vectorlist.obj)' or at 'C:\Users\WindowsOnUbuntu\source\repos\GITHUB\alexberd\igraph\alexberd\igraph\msvc\igraph_client\Debug\igraph.pdb'; linking object as if no debug info
igraph.lib(igraph_stack.obj) : warning LNK4099: PDB 'igraph.pdb' was not found with 'igraph.lib(igraph_stack.obj)' or at 'C:\Users\WindowsOnUbuntu\source\repos\GITHUB\alexberd\igraph\alexberd\igraph\msvc\igraph_client\Debug\igraph.pdb'; linking object as if no debug info
igraph.lib(interrupt.obj) : warning LNK4099: PDB 'igraph.pdb' was not found with 'igraph.lib(interrupt.obj)' or at 'C:\Users\WindowsOnUbuntu\source\repos\GITHUB\alexberd\igraph\alexberd\igraph\msvc\igraph_client\Debug\igraph.pdb'; linking object as if no debug info
igraph.lib(iterators.obj) : warning LNK4099: PDB 'igraph.pdb' was not found with 'igraph.lib(iterators.obj)' or at 'C:\Users\WindowsOnUbuntu\source\repos\GITHUB\alexberd\igraph\alexberd\igraph\msvc\igraph_client\Debug\igraph.pdb'; linking object as if no debug info
igraph.lib(dasum.obj) : warning LNK4099: PDB 'igraph.pdb' was not found with 'igraph.lib(dasum.obj)' or at 'C:\Users\WindowsOnUbuntu\source\repos\GITHUB\alexberd\igraph\alexberd\igraph\msvc\igraph_client\Debug\igraph.pdb'; linking object as if no debug info
igraph.lib(daxpy.obj) : warning LNK4099: PDB 'igraph.pdb' was not found with 'igraph.lib(daxpy.obj)' or at 'C:\Users\WindowsOnUbuntu\source\repos\GITHUB\alexberd\igraph\alexberd\igraph\msvc\igraph_client\Debug\igraph.pdb'; linking object as if no debug info
igraph.lib(dcopy.obj) : warning LNK4099: PDB 'igraph.pdb' was not found with 'igraph.lib(dcopy.obj)' or at 'C:\Users\WindowsOnUbuntu\source\repos\GITHUB\alexberd\igraph\alexberd\igraph\msvc\igraph_client\Debug\igraph.pdb'; linking object as if no debug info
igraph.lib(ddot.obj) : warning LNK4099: PDB 'igraph.pdb' was not found with 'igraph.lib(ddot.obj)' or at 'C:\Users\WindowsOnUbuntu\source\repos\GITHUB\alexberd\igraph\alexberd\igraph\msvc\igraph_client\Debug\igraph.pdb'; linking object as if no debug info
igraph.lib(dgemv.obj) : warning LNK4099: PDB 'igraph.pdb' was not found with 'igraph.lib(dgemv.obj)' or at 'C:\Users\WindowsOnUbuntu\source\repos\GITHUB\alexberd\igraph\alexberd\igraph\msvc\igraph_client\Debug\igraph.pdb'; linking object as if no debug info
igraph.lib(dgeqr2.obj) : warning LNK4099: PDB 'igraph.pdb' was not found with 'igraph.lib(dgeqr2.obj)' or at 'C:\Users\WindowsOnUbuntu\source\repos\GITHUB\alexberd\igraph\alexberd\igraph\msvc\igraph_client\Debug\igraph.pdb'; linking object as if no debug info
igraph.lib(dger.obj) : warning LNK4099: PDB 'igraph.pdb' was not found with 'igraph.lib(dger.obj)' or at 'C:\Users\WindowsOnUbuntu\source\repos\GITHUB\alexberd\igraph\alexberd\igraph\msvc\igraph_client\Debug\igraph.pdb'; linking object as if no debug info
igraph.lib(dgetv0.obj) : warning LNK4099: PDB 'igraph.pdb' was not found with 'igraph.lib(dgetv0.obj)' or at 'C:\Users\WindowsOnUbuntu\source\repos\GITHUB\alexberd\igraph\alexberd\igraph\msvc\igraph_client\Debug\igraph.pdb'; linking object as if no debug info
igraph.lib(disnan.obj) : warning LNK4099: PDB 'igraph.pdb' was not found with 'igraph.lib(disnan.obj)' or at 'C:\Users\WindowsOnUbuntu\source\repos\GITHUB\alexberd\igraph\alexberd\igraph\msvc\igraph_client\Debug\igraph.pdb'; linking object as if no debug info
igraph.lib(dlabad.obj) : warning LNK4099: PDB 'igraph.pdb' was not found with 'igraph.lib(dlabad.obj)' or at 'C:\Users\WindowsOnUbuntu\source\repos\GITHUB\alexberd\igraph\alexberd\igraph\msvc\igraph_client\Debug\igraph.pdb'; linking object as if no debug info
igraph.lib(dlacn2.obj) : warning LNK4099: PDB 'igraph.pdb' was not found with 'igraph.lib(dlacn2.obj)' or at 'C:\Users\WindowsOnUbuntu\source\repos\GITHUB\alexberd\igraph\alexberd\igraph\msvc\igraph_client\Debug\igraph.pdb'; linking object as if no debug info
igraph.lib(dlacpy.obj) : warning LNK4099: PDB 'igraph.pdb' was not found with 'igraph.lib(dlacpy.obj)' or at 'C:\Users\WindowsOnUbuntu\source\repos\GITHUB\alexberd\igraph\alexberd\igraph\msvc\igraph_client\Debug\igraph.pdb'; linking object as if no debug info
igraph.lib(dladiv.obj) : warning LNK4099: PDB 'igraph.pdb' was not found with 'igraph.lib(dladiv.obj)' or at 'C:\Users\WindowsOnUbuntu\source\repos\GITHUB\alexberd\igraph\alexberd\igraph\msvc\igraph_client\Debug\igraph.pdb'; linking object as if no debug info
igraph.lib(dlae2.obj) : warning LNK4099: PDB 'igraph.pdb' was not found with 'igraph.lib(dlae2.obj)' or at 'C:\Users\WindowsOnUbuntu\source\repos\GITHUB\alexberd\igraph\alexberd\igraph\msvc\igraph_client\Debug\igraph.pdb'; linking object as if no debug info
igraph.lib(dlaev2.obj) : warning LNK4099: PDB 'igraph.pdb' was not found with 'igraph.lib(dlaev2.obj)' or at 'C:\Users\WindowsOnUbuntu\source\repos\GITHUB\alexberd\igraph\alexberd\igraph\msvc\igraph_client\Debug\igraph.pdb'; linking object as if no debug info
igraph.lib(dlaexc.obj) : warning LNK4099: PDB 'igraph.pdb' was not found with 'igraph.lib(dlaexc.obj)' or at 'C:\Users\WindowsOnUbuntu\source\repos\GITHUB\alexberd\igraph\alexberd\igraph\msvc\igraph_client\Debug\igraph.pdb'; linking object as if no debug info
igraph.lib(dlahqr.obj) : warning LNK4099: PDB 'igraph.pdb' was not found with 'igraph.lib(dlahqr.obj)' or at 'C:\Users\WindowsOnUbuntu\source\repos\GITHUB\alexberd\igraph\alexberd\igraph\msvc\igraph_client\Debug\igraph.pdb'; linking object as if no debug info
igraph.lib(dlaisnan.obj) : warning LNK4099: PDB 'igraph.pdb' was not found with 'igraph.lib(dlaisnan.obj)' or at 'C:\Users\WindowsOnUbuntu\source\repos\GITHUB\alexberd\igraph\alexberd\igraph\msvc\igraph_client\Debug\igraph.pdb'; linking object as if no debug info
igraph.lib(dlaln2.obj) : warning LNK4099: PDB 'igraph.pdb' was not found with 'igraph.lib(dlaln2.obj)' or at 'C:\Users\WindowsOnUbuntu\source\repos\GITHUB\alexberd\igraph\alexberd\igraph\msvc\igraph_client\Debug\igraph.pdb'; linking object as if no debug info
igraph.lib(dlamch.obj) : warning LNK4099: PDB 'igraph.pdb' was not found with 'igraph.lib(dlamch.obj)' or at 'C:\Users\WindowsOnUbuntu\source\repos\GITHUB\alexberd\igraph\alexberd\igraph\msvc\igraph_client\Debug\igraph.pdb'; linking object as if no debug info
igraph.lib(dlange.obj) : warning LNK4099: PDB 'igraph.pdb' was not found with 'igraph.lib(dlange.obj)' or at 'C:\Users\WindowsOnUbuntu\source\repos\GITHUB\alexberd\igraph\alexberd\igraph\msvc\igraph_client\Debug\igraph.pdb'; linking object as if no debug info
igraph.lib(dlanhs.obj) : warning LNK4099: PDB 'igraph.pdb' was not found with 'igraph.lib(dlanhs.obj)' or at 'C:\Users\WindowsOnUbuntu\source\repos\GITHUB\alexberd\igraph\alexberd\igraph\msvc\igraph_client\Debug\igraph.pdb'; linking object as if no debug info
igraph.lib(dlanst.obj) : warning LNK4099: PDB 'igraph.pdb' was not found with 'igraph.lib(dlanst.obj)' or at 'C:\Users\WindowsOnUbuntu\source\repos\GITHUB\alexberd\igraph\alexberd\igraph\msvc\igraph_client\Debug\igraph.pdb'; linking object as if no debug info
igraph.lib(dlanv2.obj) : warning LNK4099: PDB 'igraph.pdb' was not found with 'igraph.lib(dlanv2.obj)' or at 'C:\Users\WindowsOnUbuntu\source\repos\GITHUB\alexberd\igraph\alexberd\igraph\msvc\igraph_client\Debug\igraph.pdb'; linking object as if no debug info
igraph.lib(dlapy2.obj) : warning LNK4099: PDB 'igraph.pdb' was not found with 'igraph.lib(dlapy2.obj)' or at 'C:\Users\WindowsOnUbuntu\source\repos\GITHUB\alexberd\igraph\alexberd\igraph\msvc\igraph_client\Debug\igraph.pdb'; linking object as if no debug info
igraph.lib(dlaqrb.obj) : warning LNK4099: PDB 'igraph.pdb' was not found with 'igraph.lib(dlaqrb.obj)' or at 'C:\Users\WindowsOnUbuntu\source\repos\GITHUB\alexberd\igraph\alexberd\igraph\msvc\igraph_client\Debug\igraph.pdb'; linking object as if no debug info
igraph.lib(dlarf.obj) : warning LNK4099: PDB 'igraph.pdb' was not found with 'igraph.lib(dlarf.obj)' or at 'C:\Users\WindowsOnUbuntu\source\repos\GITHUB\alexberd\igraph\alexberd\igraph\msvc\igraph_client\Debug\igraph.pdb'; linking object as if no debug info
igraph.lib(dlarfg.obj) : warning LNK4099: PDB 'igraph.pdb' was not found with 'igraph.lib(dlarfg.obj)' or at 'C:\Users\WindowsOnUbuntu\source\repos\GITHUB\alexberd\igraph\alexberd\igraph\msvc\igraph_client\Debug\igraph.pdb'; linking object as if no debug info
igraph.lib(dlarfx.obj) : warning LNK4099: PDB 'igraph.pdb' was not found with 'igraph.lib(dlarfx.obj)' or at 'C:\Users\WindowsOnUbuntu\source\repos\GITHUB\alexberd\igraph\alexberd\igraph\msvc\igraph_client\Debug\igraph.pdb'; linking object as if no debug info
igraph.lib(dlarnv.obj) : warning LNK4099: PDB 'igraph.pdb' was not found with 'igraph.lib(dlarnv.obj)' or at 'C:\Users\WindowsOnUbuntu\source\repos\GITHUB\alexberd\igraph\alexberd\igraph\msvc\igraph_client\Debug\igraph.pdb'; linking object as if no debug info
igraph.lib(dlartg.obj) : warning LNK4099: PDB 'igraph.pdb' was not found with 'igraph.lib(dlartg.obj)' or at 'C:\Users\WindowsOnUbuntu\source\repos\GITHUB\alexberd\igraph\alexberd\igraph\msvc\igraph_client\Debug\igraph.pdb'; linking object as if no debug info
igraph.lib(dlaruv.obj) : warning LNK4099: PDB 'igraph.pdb' was not found with 'igraph.lib(dlaruv.obj)' or at 'C:\Users\WindowsOnUbuntu\source\repos\GITHUB\alexberd\igraph\alexberd\igraph\msvc\igraph_client\Debug\igraph.pdb'; linking object as if no debug info
igraph.lib(dlascl.obj) : warning LNK4099: PDB 'igraph.pdb' was not found with 'igraph.lib(dlascl.obj)' or at 'C:\Users\WindowsOnUbuntu\source\repos\GITHUB\alexberd\igraph\alexberd\igraph\msvc\igraph_client\Debug\igraph.pdb'; linking object as if no debug info
igraph.lib(dlaset.obj) : warning LNK4099: PDB 'igraph.pdb' was not found with 'igraph.lib(dlaset.obj)' or at 'C:\Users\WindowsOnUbuntu\source\repos\GITHUB\alexberd\igraph\alexberd\igraph\msvc\igraph_client\Debug\igraph.pdb'; linking object as if no debug info
igraph.lib(dlasr.obj) : warning LNK4099: PDB 'igraph.pdb' was not found with 'igraph.lib(dlasr.obj)' or at 'C:\Users\WindowsOnUbuntu\source\repos\GITHUB\alexberd\igraph\alexberd\igraph\msvc\igraph_client\Debug\igraph.pdb'; linking object as if no debug info
igraph.lib(dlasrt.obj) : warning LNK4099: PDB 'igraph.pdb' was not found with 'igraph.lib(dlasrt.obj)' or at 'C:\Users\WindowsOnUbuntu\source\repos\GITHUB\alexberd\igraph\alexberd\igraph\msvc\igraph_client\Debug\igraph.pdb'; linking object as if no debug info
igraph.lib(dlassq.obj) : warning LNK4099: PDB 'igraph.pdb' was not found with 'igraph.lib(dlassq.obj)' or at 'C:\Users\WindowsOnUbuntu\source\repos\GITHUB\alexberd\igraph\alexberd\igraph\msvc\igraph_client\Debug\igraph.pdb'; linking object as if no debug info
igraph.lib(dlasy2.obj) : warning LNK4099: PDB 'igraph.pdb' was not found with 'igraph.lib(dlasy2.obj)' or at 'C:\Users\WindowsOnUbuntu\source\repos\GITHUB\alexberd\igraph\alexberd\igraph\msvc\igraph_client\Debug\igraph.pdb'; linking object as if no debug info
igraph.lib(dmout.obj) : warning LNK4099: PDB 'igraph.pdb' was not found with 'igraph.lib(dmout.obj)' or at 'C:\Users\WindowsOnUbuntu\source\repos\GITHUB\alexberd\igraph\alexberd\igraph\msvc\igraph_client\Debug\igraph.pdb'; linking object as if no debug info
igraph.lib(dnaitr.obj) : warning LNK4099: PDB 'igraph.pdb' was not found with 'igraph.lib(dnaitr.obj)' or at 'C:\Users\WindowsOnUbuntu\source\repos\GITHUB\alexberd\igraph\alexberd\igraph\msvc\igraph_client\Debug\igraph.pdb'; linking object as if no debug info
igraph.lib(dnapps.obj) : warning LNK4099: PDB 'igraph.pdb' was not found with 'igraph.lib(dnapps.obj)' or at 'C:\Users\WindowsOnUbuntu\source\repos\GITHUB\alexberd\igraph\alexberd\igraph\msvc\igraph_client\Debug\igraph.pdb'; linking object as if no debug info
igraph.lib(dnaup2.obj) : warning LNK4099: PDB 'igraph.pdb' was not found with 'igraph.lib(dnaup2.obj)' or at 'C:\Users\WindowsOnUbuntu\source\repos\GITHUB\alexberd\igraph\alexberd\igraph\msvc\igraph_client\Debug\igraph.pdb'; linking object as if no debug info
igraph.lib(dnaupd.obj) : warning LNK4099: PDB 'igraph.pdb' was not found with 'igraph.lib(dnaupd.obj)' or at 'C:\Users\WindowsOnUbuntu\source\repos\GITHUB\alexberd\igraph\alexberd\igraph\msvc\igraph_client\Debug\igraph.pdb'; linking object as if no debug info
igraph.lib(dnconv.obj) : warning LNK4099: PDB 'igraph.pdb' was not found with 'igraph.lib(dnconv.obj)' or at 'C:\Users\WindowsOnUbuntu\source\repos\GITHUB\alexberd\igraph\alexberd\igraph\msvc\igraph_client\Debug\igraph.pdb'; linking object as if no debug info
igraph.lib(dneigh.obj) : warning LNK4099: PDB 'igraph.pdb' was not found with 'igraph.lib(dneigh.obj)' or at 'C:\Users\WindowsOnUbuntu\source\repos\GITHUB\alexberd\igraph\alexberd\igraph\msvc\igraph_client\Debug\igraph.pdb'; linking object as if no debug info
igraph.lib(dneupd.obj) : warning LNK4099: PDB 'igraph.pdb' was not found with 'igraph.lib(dneupd.obj)' or at 'C:\Users\WindowsOnUbuntu\source\repos\GITHUB\alexberd\igraph\alexberd\igraph\msvc\igraph_client\Debug\igraph.pdb'; linking object as if no debug info
igraph.lib(dngets.obj) : warning LNK4099: PDB 'igraph.pdb' was not found with 'igraph.lib(dngets.obj)' or at 'C:\Users\WindowsOnUbuntu\source\repos\GITHUB\alexberd\igraph\alexberd\igraph\msvc\igraph_client\Debug\igraph.pdb'; linking object as if no debug info
igraph.lib(dnrm2.obj) : warning LNK4099: PDB 'igraph.pdb' was not found with 'igraph.lib(dnrm2.obj)' or at 'C:\Users\WindowsOnUbuntu\source\repos\GITHUB\alexberd\igraph\alexberd\igraph\msvc\igraph_client\Debug\igraph.pdb'; linking object as if no debug info
igraph.lib(dorm2r.obj) : warning LNK4099: PDB 'igraph.pdb' was not found with 'igraph.lib(dorm2r.obj)' or at 'C:\Users\WindowsOnUbuntu\source\repos\GITHUB\alexberd\igraph\alexberd\igraph\msvc\igraph_client\Debug\igraph.pdb'; linking object as if no debug info
igraph.lib(drot.obj) : warning LNK4099: PDB 'igraph.pdb' was not found with 'igraph.lib(drot.obj)' or at 'C:\Users\WindowsOnUbuntu\source\repos\GITHUB\alexberd\igraph\alexberd\igraph\msvc\igraph_client\Debug\igraph.pdb'; linking object as if no debug info
igraph.lib(dsaitr.obj) : warning LNK4099: PDB 'igraph.pdb' was not found with 'igraph.lib(dsaitr.obj)' or at 'C:\Users\WindowsOnUbuntu\source\repos\GITHUB\alexberd\igraph\alexberd\igraph\msvc\igraph_client\Debug\igraph.pdb'; linking object as if no debug info
igraph.lib(dsapps.obj) : warning LNK4099: PDB 'igraph.pdb' was not found with 'igraph.lib(dsapps.obj)' or at 'C:\Users\WindowsOnUbuntu\source\repos\GITHUB\alexberd\igraph\alexberd\igraph\msvc\igraph_client\Debug\igraph.pdb'; linking object as if no debug info
igraph.lib(dsaup2.obj) : warning LNK4099: PDB 'igraph.pdb' was not found with 'igraph.lib(dsaup2.obj)' or at 'C:\Users\WindowsOnUbuntu\source\repos\GITHUB\alexberd\igraph\alexberd\igraph\msvc\igraph_client\Debug\igraph.pdb'; linking object as if no debug info
igraph.lib(dsaupd.obj) : warning LNK4099: PDB 'igraph.pdb' was not found with 'igraph.lib(dsaupd.obj)' or at 'C:\Users\WindowsOnUbuntu\source\repos\GITHUB\alexberd\igraph\alexberd\igraph\msvc\igraph_client\Debug\igraph.pdb'; linking object as if no debug info
igraph.lib(dscal.obj) : warning LNK4099: PDB 'igraph.pdb' was not found with 'igraph.lib(dscal.obj)' or at 'C:\Users\WindowsOnUbuntu\source\repos\GITHUB\alexberd\igraph\alexberd\igraph\msvc\igraph_client\Debug\igraph.pdb'; linking object as if no debug info
igraph.lib(dsconv.obj) : warning LNK4099: PDB 'igraph.pdb' was not found with 'igraph.lib(dsconv.obj)' or at 'C:\Users\WindowsOnUbuntu\source\repos\GITHUB\alexberd\igraph\alexberd\igraph\msvc\igraph_client\Debug\igraph.pdb'; linking object as if no debug info
igraph.lib(dseigt.obj) : warning LNK4099: PDB 'igraph.pdb' was not found with 'igraph.lib(dseigt.obj)' or at 'C:\Users\WindowsOnUbuntu\source\repos\GITHUB\alexberd\igraph\alexberd\igraph\msvc\igraph_client\Debug\igraph.pdb'; linking object as if no debug info
igraph.lib(dsesrt.obj) : warning LNK4099: PDB 'igraph.pdb' was not found with 'igraph.lib(dsesrt.obj)' or at 'C:\Users\WindowsOnUbuntu\source\repos\GITHUB\alexberd\igraph\alexberd\igraph\msvc\igraph_client\Debug\igraph.pdb'; linking object as if no debug info
igraph.lib(dseupd.obj) : warning LNK4099: PDB 'igraph.pdb' was not found with 'igraph.lib(dseupd.obj)' or at 'C:\Users\WindowsOnUbuntu\source\repos\GITHUB\alexberd\igraph\alexberd\igraph\msvc\igraph_client\Debug\igraph.pdb'; linking object as if no debug info
igraph.lib(dsgets.obj) : warning LNK4099: PDB 'igraph.pdb' was not found with 'igraph.lib(dsgets.obj)' or at 'C:\Users\WindowsOnUbuntu\source\repos\GITHUB\alexberd\igraph\alexberd\igraph\msvc\igraph_client\Debug\igraph.pdb'; linking object as if no debug info
igraph.lib(dsortc.obj) : warning LNK4099: PDB 'igraph.pdb' was not found with 'igraph.lib(dsortc.obj)' or at 'C:\Users\WindowsOnUbuntu\source\repos\GITHUB\alexberd\igraph\alexberd\igraph\msvc\igraph_client\Debug\igraph.pdb'; linking object as if no debug info
igraph.lib(dsortr.obj) : warning LNK4099: PDB 'igraph.pdb' was not found with 'igraph.lib(dsortr.obj)' or at 'C:\Users\WindowsOnUbuntu\source\repos\GITHUB\alexberd\igraph\alexberd\igraph\msvc\igraph_client\Debug\igraph.pdb'; linking object as if no debug info
igraph.lib(dstatn.obj) : warning LNK4099: PDB 'igraph.pdb' was not found with 'igraph.lib(dstatn.obj)' or at 'C:\Users\WindowsOnUbuntu\source\repos\GITHUB\alexberd\igraph\alexberd\igraph\msvc\igraph_client\Debug\igraph.pdb'; linking object as if no debug info
igraph.lib(dstats.obj) : warning LNK4099: PDB 'igraph.pdb' was not found with 'igraph.lib(dstats.obj)' or at 'C:\Users\WindowsOnUbuntu\source\repos\GITHUB\alexberd\igraph\alexberd\igraph\msvc\igraph_client\Debug\igraph.pdb'; linking object as if no debug info
igraph.lib(dsteqr.obj) : warning LNK4099: PDB 'igraph.pdb' was not found with 'igraph.lib(dsteqr.obj)' or at 'C:\Users\WindowsOnUbuntu\source\repos\GITHUB\alexberd\igraph\alexberd\igraph\msvc\igraph_client\Debug\igraph.pdb'; linking object as if no debug info
igraph.lib(dstqrb.obj) : warning LNK4099: PDB 'igraph.pdb' was not found with 'igraph.lib(dstqrb.obj)' or at 'C:\Users\WindowsOnUbuntu\source\repos\GITHUB\alexberd\igraph\alexberd\igraph\msvc\igraph_client\Debug\igraph.pdb'; linking object as if no debug info
igraph.lib(dswap.obj) : warning LNK4099: PDB 'igraph.pdb' was not found with 'igraph.lib(dswap.obj)' or at 'C:\Users\WindowsOnUbuntu\source\repos\GITHUB\alexberd\igraph\alexberd\igraph\msvc\igraph_client\Debug\igraph.pdb'; linking object as if no debug info
igraph.lib(dtrevc.obj) : warning LNK4099: PDB 'igraph.pdb' was not found with 'igraph.lib(dtrevc.obj)' or at 'C:\Users\WindowsOnUbuntu\source\repos\GITHUB\alexberd\igraph\alexberd\igraph\msvc\igraph_client\Debug\igraph.pdb'; linking object as if no debug info
igraph.lib(dtrexc.obj) : warning LNK4099: PDB 'igraph.pdb' was not found with 'igraph.lib(dtrexc.obj)' or at 'C:\Users\WindowsOnUbuntu\source\repos\GITHUB\alexberd\igraph\alexberd\igraph\msvc\igraph_client\Debug\igraph.pdb'; linking object as if no debug info
igraph.lib(dtrmm.obj) : warning LNK4099: PDB 'igraph.pdb' was not found with 'igraph.lib(dtrmm.obj)' or at 'C:\Users\WindowsOnUbuntu\source\repos\GITHUB\alexberd\igraph\alexberd\igraph\msvc\igraph_client\Debug\igraph.pdb'; linking object as if no debug info
igraph.lib(dtrsen.obj) : warning LNK4099: PDB 'igraph.pdb' was not found with 'igraph.lib(dtrsen.obj)' or at 'C:\Users\WindowsOnUbuntu\source\repos\GITHUB\alexberd\igraph\alexberd\igraph\msvc\igraph_client\Debug\igraph.pdb'; linking object as if no debug info
igraph.lib(dtrsyl.obj) : warning LNK4099: PDB 'igraph.pdb' was not found with 'igraph.lib(dtrsyl.obj)' or at 'C:\Users\WindowsOnUbuntu\source\repos\GITHUB\alexberd\igraph\alexberd\igraph\msvc\igraph_client\Debug\igraph.pdb'; linking object as if no debug info
igraph.lib(dvout.obj) : warning LNK4099: PDB 'igraph.pdb' was not found with 'igraph.lib(dvout.obj)' or at 'C:\Users\WindowsOnUbuntu\source\repos\GITHUB\alexberd\igraph\alexberd\igraph\msvc\igraph_client\Debug\igraph.pdb'; linking object as if no debug info
igraph.lib(idamax.obj) : warning LNK4099: PDB 'igraph.pdb' was not found with 'igraph.lib(idamax.obj)' or at 'C:\Users\WindowsOnUbuntu\source\repos\GITHUB\alexberd\igraph\alexberd\igraph\msvc\igraph_client\Debug\igraph.pdb'; linking object as if no debug info
igraph.lib(iladlc.obj) : warning LNK4099: PDB 'igraph.pdb' was not found with 'igraph.lib(iladlc.obj)' or at 'C:\Users\WindowsOnUbuntu\source\repos\GITHUB\alexberd\igraph\alexberd\igraph\msvc\igraph_client\Debug\igraph.pdb'; linking object as if no debug info
igraph.lib(iladlr.obj) : warning LNK4099: PDB 'igraph.pdb' was not found with 'igraph.lib(iladlr.obj)' or at 'C:\Users\WindowsOnUbuntu\source\repos\GITHUB\alexberd\igraph\alexberd\igraph\msvc\igraph_client\Debug\igraph.pdb'; linking object as if no debug info
igraph.lib(ivout.obj) : warning LNK4099: PDB 'igraph.pdb' was not found with 'igraph.lib(ivout.obj)' or at 'C:\Users\WindowsOnUbuntu\source\repos\GITHUB\alexberd\igraph\alexberd\igraph\msvc\igraph_client\Debug\igraph.pdb'; linking object as if no debug info
igraph.lib(len_trim.obj) : warning LNK4099: PDB 'igraph.pdb' was not found with 'igraph.lib(len_trim.obj)' or at 'C:\Users\WindowsOnUbuntu\source\repos\GITHUB\alexberd\igraph\alexberd\igraph\msvc\igraph_client\Debug\igraph.pdb'; linking object as if no debug info
igraph.lib(lsame.obj) : warning LNK4099: PDB 'igraph.pdb' was not found with 'igraph.lib(lsame.obj)' or at 'C:\Users\WindowsOnUbuntu\source\repos\GITHUB\alexberd\igraph\alexberd\igraph\msvc\igraph_client\Debug\igraph.pdb'; linking object as if no debug info
igraph.lib(second.obj) : warning LNK4099: PDB 'igraph.pdb' was not found with 'igraph.lib(second.obj)' or at 'C:\Users\WindowsOnUbuntu\source\repos\GITHUB\alexberd\igraph\alexberd\igraph\msvc\igraph_client\Debug\igraph.pdb'; linking object as if no debug info
igraph.lib(xerbla.obj) : warning LNK4099: PDB 'igraph.pdb' was not found with 'igraph.lib(xerbla.obj)' or at 'C:\Users\WindowsOnUbuntu\source\repos\GITHUB\alexberd\igraph\alexberd\igraph\msvc\igraph_client\Debug\igraph.pdb'; linking object as if no debug info
igraph.lib(math.obj) : warning LNK4099: PDB 'igraph.pdb' was not found with 'igraph.lib(math.obj)' or at 'C:\Users\WindowsOnUbuntu\source\repos\GITHUB\alexberd\igraph\alexberd\igraph\msvc\igraph_client\Debug\igraph.pdb'; linking object as if no debug info
igraph.lib(matrix.obj) : warning LNK4099: PDB 'igraph.pdb' was not found with 'igraph.lib(matrix.obj)' or at 'C:\Users\WindowsOnUbuntu\source\repos\GITHUB\alexberd\igraph\alexberd\igraph\msvc\igraph_client\Debug\igraph.pdb'; linking object as if no debug info
igraph.lib(memory.obj) : warning LNK4099: PDB 'igraph.pdb' was not found with 'igraph.lib(memory.obj)' or at 'C:\Users\WindowsOnUbuntu\source\repos\GITHUB\alexberd\igraph\alexberd\igraph\msvc\igraph_client\Debug\igraph.pdb'; linking object as if no debug info
igraph.lib(progress.obj) : warning LNK4099: PDB 'igraph.pdb' was not found with 'igraph.lib(progress.obj)' or at 'C:\Users\WindowsOnUbuntu\source\repos\GITHUB\alexberd\igraph\alexberd\igraph\msvc\igraph_client\Debug\igraph.pdb'; linking object as if no debug info
igraph.lib(prpack.obj) : warning LNK4099: PDB 'igraph.pdb' was not found with 'igraph.lib(prpack.obj)' or at 'C:\Users\WindowsOnUbuntu\source\repos\GITHUB\alexberd\igraph\alexberd\igraph\msvc\igraph_client\Debug\igraph.pdb'; linking object as if no debug info
igraph.lib(qsort.obj) : warning LNK4099: PDB 'igraph.pdb' was not found with 'igraph.lib(qsort.obj)' or at 'C:\Users\WindowsOnUbuntu\source\repos\GITHUB\alexberd\igraph\alexberd\igraph\msvc\igraph_client\Debug\igraph.pdb'; linking object as if no debug info
igraph.lib(qsort_r.obj) : warning LNK4099: PDB 'igraph.pdb' was not found with 'igraph.lib(qsort_r.obj)' or at 'C:\Users\WindowsOnUbuntu\source\repos\GITHUB\alexberd\igraph\alexberd\igraph\msvc\igraph_client\Debug\igraph.pdb'; linking object as if no debug info
igraph.lib(random.obj) : warning LNK4099: PDB 'igraph.pdb' was not found with 'igraph.lib(random.obj)' or at 'C:\Users\WindowsOnUbuntu\source\repos\GITHUB\alexberd\igraph\alexberd\igraph\msvc\igraph_client\Debug\igraph.pdb'; linking object as if no debug info
igraph.lib(sparsemat.obj) : warning LNK4099: PDB 'igraph.pdb' was not found with 'igraph.lib(sparsemat.obj)' or at 'C:\Users\WindowsOnUbuntu\source\repos\GITHUB\alexberd\igraph\alexberd\igraph\msvc\igraph_client\Debug\igraph.pdb'; linking object as if no debug info
igraph.lib(spmatrix.obj) : warning LNK4099: PDB 'igraph.pdb' was not found with 'igraph.lib(spmatrix.obj)' or at 'C:\Users\WindowsOnUbuntu\source\repos\GITHUB\alexberd\igraph\alexberd\igraph\msvc\igraph_client\Debug\igraph.pdb'; linking object as if no debug info
igraph.lib(structural_properties.obj) : warning LNK4099: PDB 'igraph.pdb' was not found with 'igraph.lib(structural_properties.obj)' or at 'C:\Users\WindowsOnUbuntu\source\repos\GITHUB\alexberd\igraph\alexberd\igraph\msvc\igraph_client\Debug\igraph.pdb'; linking object as if no debug info
igraph.lib(structure_generators.obj) : warning LNK4099: PDB 'igraph.pdb' was not found with 'igraph.lib(structure_generators.obj)' or at 'C:\Users\WindowsOnUbuntu\source\repos\GITHUB\alexberd\igraph\alexberd\igraph\msvc\igraph_client\Debug\igraph.pdb'; linking object as if no debug info
igraph.lib(types.obj) : warning LNK4099: PDB 'igraph.pdb' was not found with 'igraph.lib(types.obj)' or at 'C:\Users\WindowsOnUbuntu\source\repos\GITHUB\alexberd\igraph\alexberd\igraph\msvc\igraph_client\Debug\igraph.pdb'; linking object as if no debug info
igraph.lib(type_indexededgelist.obj) : warning LNK4099: PDB 'igraph.pdb' was not found with 'igraph.lib(type_indexededgelist.obj)' or at 'C:\Users\WindowsOnUbuntu\source\repos\GITHUB\alexberd\igraph\alexberd\igraph\msvc\igraph_client\Debug\igraph.pdb'; linking object as if no debug info
igraph.lib(vector.obj) : warning LNK4099: PDB 'igraph.pdb' was not found with 'igraph.lib(vector.obj)' or at 'C:\Users\WindowsOnUbuntu\source\repos\GITHUB\alexberd\igraph\alexberd\igraph\msvc\igraph_client\Debug\igraph.pdb'; linking object as if no debug info
igraph.lib(vector_ptr.obj) : warning LNK4099: PDB 'igraph.pdb' was not found with 'igraph.lib(vector_ptr.obj)' or at 'C:\Users\WindowsOnUbuntu\source\repos\GITHUB\alexberd\igraph\alexberd\igraph\msvc\igraph_client\Debug\igraph.pdb'; linking object as if no debug info
  igraph_client.vcxproj -> C:\Users\WindowsOnUbuntu\source\repos\GITHUB\alexberd\igraph\alexberd\igraph\msvc\igraph_client\Debug\igraph_client.DLL
