c:\users\windowsonubuntu\source\repos\github\alexberd\igraph\alexberd\igraph\msvc\igraph_client\debug\vc141.pdb
c:\users\windowsonubuntu\source\repos\github\alexberd\igraph\alexberd\igraph\msvc\igraph_client\debug\vc141.idb
c:\users\windowsonubuntu\source\repos\github\alexberd\igraph\alexberd\igraph\msvc\igraph_client\debug\igraph_betweeness.obj
c:\users\windowsonubuntu\source\repos\github\alexberd\igraph\alexberd\igraph\msvc\igraph_client\debug\prpack_base_graph.obj
c:\users\windowsonubuntu\source\repos\github\alexberd\igraph\alexberd\igraph\msvc\igraph_client\debug\prpack_igraph_graph.obj
c:\users\windowsonubuntu\source\repos\github\alexberd\igraph\alexberd\igraph\msvc\igraph_client\debug\prpack_preprocessed_ge_graph.obj
c:\users\windowsonubuntu\source\repos\github\alexberd\igraph\alexberd\igraph\msvc\igraph_client\debug\prpack_preprocessed_gs_graph.obj
c:\users\windowsonubuntu\source\repos\github\alexberd\igraph\alexberd\igraph\msvc\igraph_client\debug\prpack_preprocessed_scc_graph.obj
c:\users\windowsonubuntu\source\repos\github\alexberd\igraph\alexberd\igraph\msvc\igraph_client\debug\prpack_preprocessed_schur_graph.obj
c:\users\windowsonubuntu\source\repos\github\alexberd\igraph\alexberd\igraph\msvc\igraph_client\debug\prpack_result.obj
c:\users\windowsonubuntu\source\repos\github\alexberd\igraph\alexberd\igraph\msvc\igraph_client\debug\prpack_solver.obj
c:\users\windowsonubuntu\source\repos\github\alexberd\igraph\alexberd\igraph\msvc\igraph_client\debug\prpack_utils.obj
c:\users\windowsonubuntu\source\repos\github\alexberd\igraph\alexberd\igraph\msvc\igraph_client\debug\igraph_client.lib
c:\users\windowsonubuntu\source\repos\github\alexberd\igraph\alexberd\igraph\msvc\igraph_client\debug\igraph_client.exp
c:\users\windowsonubuntu\source\repos\github\alexberd\igraph\alexberd\igraph\msvc\igraph_client\debug\igraph_client.ilk
c:\users\windowsonubuntu\source\repos\github\alexberd\igraph\alexberd\igraph\msvc\igraph_client\debug\igraph_client.dll
c:\users\windowsonubuntu\source\repos\github\alexberd\igraph\alexberd\igraph\msvc\igraph_client\debug\igraph_client.pdb
c:\users\windowsonubuntu\source\repos\github\alexberd\igraph\alexberd\igraph\msvc\igraph_client\debug\igraph_client.tlog\cl.command.1.tlog
c:\users\windowsonubuntu\source\repos\github\alexberd\igraph\alexberd\igraph\msvc\igraph_client\debug\igraph_client.tlog\cl.read.1.tlog
c:\users\windowsonubuntu\source\repos\github\alexberd\igraph\alexberd\igraph\msvc\igraph_client\debug\igraph_client.tlog\cl.write.1.tlog
c:\users\windowsonubuntu\source\repos\github\alexberd\igraph\alexberd\igraph\msvc\igraph_client\debug\igraph_client.tlog\igraph_client.write.1u.tlog
c:\users\windowsonubuntu\source\repos\github\alexberd\igraph\alexberd\igraph\msvc\igraph_client\debug\igraph_client.tlog\link.command.1.tlog
c:\users\windowsonubuntu\source\repos\github\alexberd\igraph\alexberd\igraph\msvc\igraph_client\debug\igraph_client.tlog\link.read.1.tlog
c:\users\windowsonubuntu\source\repos\github\alexberd\igraph\alexberd\igraph\msvc\igraph_client\debug\igraph_client.tlog\link.write.1.tlog
